Removed Pin From Net: NetName=NetP6_2 Pin=R4-1
Removed Pin From Net: NetName=+24 Pin=R5-2
Removed Pin From Net: NetName=GND Pin=R6-1
Removed Pin From Net: NetName=NetP5_9 Pin=R7-2
Removed Pin From Net: NetName=+3V3 Pin=R8-1
Removed Pin From Net: NetName=NetP5_8 Pin=R8-2
Removed Pin From Net: NetName=+5 Pin=U2-1
Removed Pin From Net: NetName=+3V3 Pin=U5-+3V3
Removed Pin From Net: NetName=+3V3 Pin=U5-+3V3
Change component parameters: Designator = "P4"; Footprint = "PIN_HEADER_M_1x3"; UniqueID = "\GPXVOMYG"
Change component parameters. Clean all parameters for all variants
Change component parameters (AddParameter): Name = "Supplier 1"; Value = ""; VariantName = "[No Variations]"
Change component parameters (AddParameter): Name = "Supplier Part Number 1"; Value = ""; VariantName = "[No Variations]"
Change component parameters: Designator = "P9"; Footprint = "PIN_HEADER_M_1x5"; UniqueID = "\GYDPLOLJ"
Change component parameters. Clean all parameters for all variants
Change component parameters (AddParameter): Name = "Supplier 1"; Value = ""; VariantName = "[No Variations]"
Change component parameters (AddParameter): Name = "Supplier Part Number 1"; Value = ""; VariantName = "[No Variations]"
Change component parameters: Designator = "P10"; Footprint = "PIN_HEADER_M_1x5"; UniqueID = "\FKYXZLQJ"
Change component parameters. Clean all parameters for all variants
Change component parameters (AddParameter): Name = "Supplier 1"; Value = ""; VariantName = "[No Variations]"
Change component parameters (AddParameter): Name = "Supplier Part Number 1"; Value = ""; VariantName = "[No Variations]"
Change component parameters: Designator = "P11"; Footprint = "PIN_HEADER_M_1x5"; UniqueID = "\QEBMUTWP"
Change component parameters. Clean all parameters for all variants
Change component parameters (AddParameter): Name = "Supplier 1"; Value = ""; VariantName = "[No Variations]"
Change component parameters (AddParameter): Name = "Supplier Part Number 1"; Value = ""; VariantName = "[No Variations]"
Change component parameters: Designator = "P12"; Footprint = "PIN_HEADER_M_1x5"; UniqueID = "\PDANJNVE"
Change component parameters. Clean all parameters for all variants
Change component parameters (AddParameter): Name = "Supplier 1"; Value = ""; VariantName = "[No Variations]"
Change component parameters (AddParameter): Name = "Supplier Part Number 1"; Value = ""; VariantName = "[No Variations]"
Change component parameters: Designator = "P13"; Footprint = "PIN_HEADER_M_1x5"; UniqueID = "\SXCJAWMA"
Change component parameters. Clean all parameters for all variants
Change component parameters (AddParameter): Name = "Supplier 1"; Value = ""; VariantName = "[No Variations]"
Change component parameters (AddParameter): Name = "Supplier Part Number 1"; Value = ""; VariantName = "[No Variations]"
Change component parameters: Designator = "P14"; Footprint = "PIN_HEADER_M_1x5"; UniqueID = "\KFTIRNZF"
Change component parameters. Clean all parameters for all variants
Change component parameters (AddParameter): Name = "Supplier 1"; Value = ""; VariantName = "[No Variations]"
Change component parameters (AddParameter): Name = "Supplier Part Number 1"; Value = ""; VariantName = "[No Variations]"
Added Component: Designator=P15(PIN_HEADER_M_1x3)
Add component. Clean all parameters for all variants
Add component (AddParameter): Name = "Supplier 1"; Value = ""; VariantName = "[No Variations]"
Add component (AddParameter): Name = "Supplier Part Number 1"; Value = ""; VariantName = "[No Variations]"
Added Pin To Net: NetName=+5 Pin=P15-3
Added Pin To Net: NetName=NetP15_2 Pin=P15-2
Added Pin To Net: NetName=NetP15_2 Pin=U2-1
Added Net: Name=NetP15_2
Added Member To Class: ClassName=Telemetry_schematic Member=Component C10 SMD
Added Member To Class: ClassName=Telemetry_schematic Member=Component P15 1x3_M
