Replace Symbol from C1 C_SMD_0805 in C:\Users\Magnus\Documents\Fuel_Fighter_Telemetry\Telemetry_PCB\Telemetry_schematic.SchDoc with C_SMD_0805 from FF_component_lib.SchLib
Replace Symbol from C2 C_SMD_0805 in C:\Users\Magnus\Documents\Fuel_Fighter_Telemetry\Telemetry_PCB\Telemetry_schematic.SchDoc with C_SMD_0805 from FF_component_lib.SchLib
Replace Symbol from C3 C_SMD_0805 in C:\Users\Magnus\Documents\Fuel_Fighter_Telemetry\Telemetry_PCB\Telemetry_schematic.SchDoc with C_SMD_0805 from FF_component_lib.SchLib
Replace Symbol from C4 C_SMD_0805 in C:\Users\Magnus\Documents\Fuel_Fighter_Telemetry\Telemetry_PCB\Telemetry_schematic.SchDoc with C_SMD_0805 from FF_component_lib.SchLib
Replace Symbol from C5 C_SMD_0805 in C:\Users\Magnus\Documents\Fuel_Fighter_Telemetry\Telemetry_PCB\Telemetry_schematic.SchDoc with C_SMD_0805 from FF_component_lib.SchLib
Replace Symbol from C6 C_SMD_0805 in C:\Users\Magnus\Documents\Fuel_Fighter_Telemetry\Telemetry_PCB\Telemetry_schematic.SchDoc with C_SMD_0805 from FF_component_lib.SchLib
Replace Symbol from C7 C_SMD_0805 in C:\Users\Magnus\Documents\Fuel_Fighter_Telemetry\Telemetry_PCB\Telemetry_schematic.SchDoc with C_SMD_0805 from FF_component_lib.SchLib
Replace Symbol from C8 C_SMD_0805 in C:\Users\Magnus\Documents\Fuel_Fighter_Telemetry\Telemetry_PCB\Telemetry_schematic.SchDoc with C_SMD_0805 from FF_component_lib.SchLib
Replace Symbol from C9 C_SMD_0805 in C:\Users\Magnus\Documents\Fuel_Fighter_Telemetry\Telemetry_PCB\Telemetry_schematic.SchDoc with C_SMD_0805 from FF_component_lib.SchLib
Replace Symbol from C10 C_SMD_0805 in C:\Users\Magnus\Documents\Fuel_Fighter_Telemetry\Telemetry_PCB\Telemetry_schematic.SchDoc with C_SMD_0805 from FF_component_lib.SchLib
Replace Symbol from L1 L_DR73_SMD in C:\Users\Magnus\Documents\Fuel_Fighter_Telemetry\Telemetry_PCB\Telemetry_schematic.SchDoc with L_DR73_SMD from FF_component_lib.SchLib
Replace Symbol from P1 XT-60 in C:\Users\Magnus\Documents\Fuel_Fighter_Telemetry\Telemetry_PCB\Telemetry_schematic.SchDoc with XT-60 from FF_component_lib.SchLib
Replace Symbol from P2 XT-60 in C:\Users\Magnus\Documents\Fuel_Fighter_Telemetry\Telemetry_PCB\Telemetry_schematic.SchDoc with XT-60 from FF_component_lib.SchLib
Replace Symbol from P3 XT-60 in C:\Users\Magnus\Documents\Fuel_Fighter_Telemetry\Telemetry_PCB\Telemetry_schematic.SchDoc with XT-60 from FF_component_lib.SchLib
Replace Symbol from P4 PIN_HEADER_M_1x3 in C:\Users\Magnus\Documents\Fuel_Fighter_Telemetry\Telemetry_PCB\Telemetry_schematic.SchDoc with PIN_HEADER_M_1x3 from FF_component_lib.SchLib
Replace Symbol from P5 PIN_HEADER_M_1x24 in C:\Users\Magnus\Documents\Fuel_Fighter_Telemetry\Telemetry_PCB\Telemetry_schematic.SchDoc with PIN_HEADER_M_1x24 from FF_component_lib.SchLib
Replace Symbol from P6 RJ11_Connector in C:\Users\Magnus\Documents\Fuel_Fighter_Telemetry\Telemetry_PCB\Telemetry_schematic.SchDoc with RJ11_Connector from FF_component_lib.SchLib
Replace Symbol from P7 RJ11_Connector in C:\Users\Magnus\Documents\Fuel_Fighter_Telemetry\Telemetry_PCB\Telemetry_schematic.SchDoc with RJ11_Connector from FF_component_lib.SchLib
Replace Symbol from P8 XT-60 in C:\Users\Magnus\Documents\Fuel_Fighter_Telemetry\Telemetry_PCB\Telemetry_schematic.SchDoc with XT-60 from FF_component_lib.SchLib
Replace Symbol from P9 PIN_HEADER_M_1x5 in C:\Users\Magnus\Documents\Fuel_Fighter_Telemetry\Telemetry_PCB\Telemetry_schematic.SchDoc with PIN_HEADER_M_1x5 from FF_component_lib.SchLib
Replace Symbol from P10 PIN_HEADER_M_1x5 in C:\Users\Magnus\Documents\Fuel_Fighter_Telemetry\Telemetry_PCB\Telemetry_schematic.SchDoc with PIN_HEADER_M_1x5 from FF_component_lib.SchLib
Replace Symbol from P11 PIN_HEADER_M_1x5 in C:\Users\Magnus\Documents\Fuel_Fighter_Telemetry\Telemetry_PCB\Telemetry_schematic.SchDoc with PIN_HEADER_M_1x5 from FF_component_lib.SchLib
Replace Symbol from P12 PIN_HEADER_M_1x5 in C:\Users\Magnus\Documents\Fuel_Fighter_Telemetry\Telemetry_PCB\Telemetry_schematic.SchDoc with PIN_HEADER_M_1x5 from FF_component_lib.SchLib
Replace Symbol from P13 PIN_HEADER_M_1x5 in C:\Users\Magnus\Documents\Fuel_Fighter_Telemetry\Telemetry_PCB\Telemetry_schematic.SchDoc with PIN_HEADER_M_1x5 from FF_component_lib.SchLib
Replace Symbol from P14 PIN_HEADER_M_1x5 in C:\Users\Magnus\Documents\Fuel_Fighter_Telemetry\Telemetry_PCB\Telemetry_schematic.SchDoc with PIN_HEADER_M_1x5 from FF_component_lib.SchLib
Replace Symbol from R1 R_SMD_0805 in C:\Users\Magnus\Documents\Fuel_Fighter_Telemetry\Telemetry_PCB\Telemetry_schematic.SchDoc with R_SMD_0805 from FF_component_lib.SchLib
Replace Symbol from R2 R_SMD_0805 in C:\Users\Magnus\Documents\Fuel_Fighter_Telemetry\Telemetry_PCB\Telemetry_schematic.SchDoc with R_SMD_0805 from FF_component_lib.SchLib
Replace Symbol from R3 R_SMD_0805 in C:\Users\Magnus\Documents\Fuel_Fighter_Telemetry\Telemetry_PCB\Telemetry_schematic.SchDoc with R_SMD_0805 from FF_component_lib.SchLib
Replace Symbol from R4 R_SMD_0805 in C:\Users\Magnus\Documents\Fuel_Fighter_Telemetry\Telemetry_PCB\Telemetry_schematic.SchDoc with R_SMD_0805 from FF_component_lib.SchLib
Replace Symbol from R5 R_SMD_0805 in C:\Users\Magnus\Documents\Fuel_Fighter_Telemetry\Telemetry_PCB\Telemetry_schematic.SchDoc with R_SMD_0805 from FF_component_lib.SchLib
Replace Symbol from R6 R_SMD_0805 in C:\Users\Magnus\Documents\Fuel_Fighter_Telemetry\Telemetry_PCB\Telemetry_schematic.SchDoc with R_SMD_0805 from FF_component_lib.SchLib
Replace Symbol from R7 R_SMD_0805 in C:\Users\Magnus\Documents\Fuel_Fighter_Telemetry\Telemetry_PCB\Telemetry_schematic.SchDoc with R_SMD_0805 from FF_component_lib.SchLib
Replace Symbol from R8 R_SMD_0805 in C:\Users\Magnus\Documents\Fuel_Fighter_Telemetry\Telemetry_PCB\Telemetry_schematic.SchDoc with R_SMD_0805 from FF_component_lib.SchLib
Replace Symbol from U1 ACS712_SMD in C:\Users\Magnus\Documents\Fuel_Fighter_Telemetry\Telemetry_PCB\Telemetry_schematic.SchDoc with ACS712_SMD from FF_component_lib.SchLib
Replace Symbol from U2 LD1117SC33TR_SOT-223 in C:\Users\Magnus\Documents\Fuel_Fighter_Telemetry\Telemetry_PCB\Telemetry_schematic.SchDoc with LD1117SC33TR_SOT-223 from FF_component_lib.SchLib
Replace Symbol from U3 MCP16311/2_SMD in C:\Users\Magnus\Documents\Fuel_Fighter_Telemetry\Telemetry_PCB\Telemetry_schematic.SchDoc with MCP16311/2_SMD from FF_component_lib.SchLib
Replace Symbol from U4 LAMDA62_SMT in C:\Users\Magnus\Documents\Fuel_Fighter_Telemetry\Telemetry_PCB\Telemetry_schematic.SchDoc with LAMDA62_SMT from FF_component_lib.SchLib
Replace Symbol from U5 teensy_3.6 in C:\Users\Magnus\Documents\Fuel_Fighter_Telemetry\Telemetry_PCB\Telemetry_schematic.SchDoc with teensy_3.6 from FF_component_lib.SchLib
Replace Symbol from U6 SN65HVD231D_SMD in C:\Users\Magnus\Documents\Fuel_Fighter_Telemetry\Telemetry_PCB\Telemetry_schematic.SchDoc with SN65HVD231D_SMD from FF_component_lib.SchLib
