c:\users\magnus\documents\fuel_fighter_telemetry\data_vis\fltk\ide\visualc2010\fltkgl_release\vc141.pdb
c:\users\magnus\documents\fuel_fighter_telemetry\data_vis\fltk\ide\visualc2010\fltkgl_release\glut_font.obj
c:\users\magnus\documents\fuel_fighter_telemetry\data_vis\fltk\ide\visualc2010\fltkgl_release\glut_compatability.obj
c:\users\magnus\documents\fuel_fighter_telemetry\data_vis\fltk\ide\visualc2010\fltkgl_release\gl_start.obj
c:\users\magnus\documents\fuel_fighter_telemetry\data_vis\fltk\ide\visualc2010\fltkgl_release\gl_draw.obj
c:\users\magnus\documents\fuel_fighter_telemetry\data_vis\fltk\ide\visualc2010\fltkgl_release\freeglut_teapot.obj
c:\users\magnus\documents\fuel_fighter_telemetry\data_vis\fltk\ide\visualc2010\fltkgl_release\freeglut_stroke_roman.obj
c:\users\magnus\documents\fuel_fighter_telemetry\data_vis\fltk\ide\visualc2010\fltkgl_release\freeglut_stroke_mono_roman.obj
c:\users\magnus\documents\fuel_fighter_telemetry\data_vis\fltk\ide\visualc2010\fltkgl_release\freeglut_geometry.obj
c:\users\magnus\documents\fuel_fighter_telemetry\data_vis\fltk\ide\visualc2010\fltkgl_release\fl_gl_window.obj
c:\users\magnus\documents\fuel_fighter_telemetry\data_vis\fltk\ide\visualc2010\fltkgl_release\fl_gl_overlay.obj
c:\users\magnus\documents\fuel_fighter_telemetry\data_vis\fltk\ide\visualc2010\fltkgl_release\fl_gl_device_plugin.obj
c:\users\magnus\documents\fuel_fighter_telemetry\data_vis\fltk\ide\visualc2010\fltkgl_release\fl_gl_choice.obj
c:\users\magnus\documents\fuel_fighter_telemetry\data_vis\fltk\lib\fltkgl.lib
c:\users\magnus\documents\fuel_fighter_telemetry\data_vis\fltk\ide\visualc2010\..\..\lib\fltkgl.lib
c:\users\magnus\documents\fuel_fighter_telemetry\data_vis\fltk\ide\visualc2010\fltkgl_release\fltkgl.tlog\cl.command.1.tlog
c:\users\magnus\documents\fuel_fighter_telemetry\data_vis\fltk\ide\visualc2010\fltkgl_release\fltkgl.tlog\cl.read.1.tlog
c:\users\magnus\documents\fuel_fighter_telemetry\data_vis\fltk\ide\visualc2010\fltkgl_release\fltkgl.tlog\cl.write.1.tlog
c:\users\magnus\documents\fuel_fighter_telemetry\data_vis\fltk\ide\visualc2010\fltkgl_release\fltkgl.tlog\lib-link.read.1.tlog
c:\users\magnus\documents\fuel_fighter_telemetry\data_vis\fltk\ide\visualc2010\fltkgl_release\fltkgl.tlog\lib-link.write.1.tlog
c:\users\magnus\documents\fuel_fighter_telemetry\data_vis\fltk\ide\visualc2010\fltkgl_release\fltkgl.tlog\lib.command.1.tlog
