  about_panel.cxx
  align_widget.cxx
  alignment_panel.cxx
  code.cxx
  CodeEditor.cxx
  ExternalCodeEditor_WIN32.cxx
  factory.cxx
  file.cxx
  Fl_Function_Type.cxx
  Fl_Group_Type.cxx
  Fl_Menu_Type.cxx
  Fl_Type.cxx
  Fl_Widget_Type.cxx
  Fl_Window_Type.cxx
  fluid.cxx
  Fluid_Image.cxx
  function_panel.cxx
  template_panel.cxx
  undo.cxx
  widget_panel.cxx
  Generating Code...
  fluid.vcxproj -> C:\Users\Magnus\Documents\Fuel_Fighter_Telemetry\data_vis\Telemetry_data_vis_v.0.1\Telemetry_data_vis_v.0.1\FLTK\ide\VisualC2010\..\..\fluid\fluid.exe
