c:\users\magnus\documents\fuel_fighter_telemetry\data_vis\fltk\ide\visualc2010\fluid_release\vc141.pdb
c:\users\magnus\documents\fuel_fighter_telemetry\data_vis\fltk\ide\visualc2010\fluid_release\widget_panel.obj
c:\users\magnus\documents\fuel_fighter_telemetry\data_vis\fltk\ide\visualc2010\fluid_release\undo.obj
c:\users\magnus\documents\fuel_fighter_telemetry\data_vis\fltk\ide\visualc2010\fluid_release\template_panel.obj
c:\users\magnus\documents\fuel_fighter_telemetry\data_vis\fltk\ide\visualc2010\fluid_release\function_panel.obj
c:\users\magnus\documents\fuel_fighter_telemetry\data_vis\fltk\ide\visualc2010\fluid_release\fluid_image.obj
c:\users\magnus\documents\fuel_fighter_telemetry\data_vis\fltk\ide\visualc2010\fluid_release\fluid.obj
c:\users\magnus\documents\fuel_fighter_telemetry\data_vis\fltk\ide\visualc2010\fluid_release\fl_window_type.obj
c:\users\magnus\documents\fuel_fighter_telemetry\data_vis\fltk\ide\visualc2010\fluid_release\fl_widget_type.obj
c:\users\magnus\documents\fuel_fighter_telemetry\data_vis\fltk\ide\visualc2010\fluid_release\fl_type.obj
c:\users\magnus\documents\fuel_fighter_telemetry\data_vis\fltk\ide\visualc2010\fluid_release\fl_menu_type.obj
c:\users\magnus\documents\fuel_fighter_telemetry\data_vis\fltk\ide\visualc2010\fluid_release\fl_group_type.obj
c:\users\magnus\documents\fuel_fighter_telemetry\data_vis\fltk\ide\visualc2010\fluid_release\fl_function_type.obj
c:\users\magnus\documents\fuel_fighter_telemetry\data_vis\fltk\ide\visualc2010\fluid_release\file.obj
c:\users\magnus\documents\fuel_fighter_telemetry\data_vis\fltk\ide\visualc2010\fluid_release\factory.obj
c:\users\magnus\documents\fuel_fighter_telemetry\data_vis\fltk\ide\visualc2010\fluid_release\externalcodeeditor_win32.obj
c:\users\magnus\documents\fuel_fighter_telemetry\data_vis\fltk\ide\visualc2010\fluid_release\codeeditor.obj
c:\users\magnus\documents\fuel_fighter_telemetry\data_vis\fltk\ide\visualc2010\fluid_release\code.obj
c:\users\magnus\documents\fuel_fighter_telemetry\data_vis\fltk\ide\visualc2010\fluid_release\alignment_panel.obj
c:\users\magnus\documents\fuel_fighter_telemetry\data_vis\fltk\ide\visualc2010\fluid_release\align_widget.obj
c:\users\magnus\documents\fuel_fighter_telemetry\data_vis\fltk\ide\visualc2010\fluid_release\about_panel.obj
c:\users\magnus\documents\fuel_fighter_telemetry\data_vis\fltk\fluid\fluid.exe
c:\users\magnus\documents\fuel_fighter_telemetry\data_vis\fltk\ide\visualc2010\fluid_release\fluid.pdb
c:\users\magnus\documents\fuel_fighter_telemetry\data_vis\fltk\ide\visualc2010\..\..\fluid\fluid.exe
c:\users\magnus\documents\fuel_fighter_telemetry\data_vis\fltk\ide\visualc2010\fluid_release\fluid.tlog\cl.command.1.tlog
c:\users\magnus\documents\fuel_fighter_telemetry\data_vis\fltk\ide\visualc2010\fluid_release\fluid.tlog\cl.read.1.tlog
c:\users\magnus\documents\fuel_fighter_telemetry\data_vis\fltk\ide\visualc2010\fluid_release\fluid.tlog\cl.write.1.tlog
c:\users\magnus\documents\fuel_fighter_telemetry\data_vis\fltk\ide\visualc2010\fluid_release\fluid.tlog\link.command.1.tlog
c:\users\magnus\documents\fuel_fighter_telemetry\data_vis\fltk\ide\visualc2010\fluid_release\fluid.tlog\link.read.1.tlog
c:\users\magnus\documents\fuel_fighter_telemetry\data_vis\fltk\ide\visualc2010\fluid_release\fluid.tlog\link.write.1.tlog
