Removed Pin From Net: NetName=Net3_10 Pin=3-10
Removed Pin From Net: NetName=Net3_11 Pin=3-11
Removed Pin From Net: NetName=Net3_12 Pin=3-12
Removed Pin From Net: NetName=Net3_13 Pin=3-13
Removed Pin From Net: NetName=Net3_14 Pin=3-14
Removed Pin From Net: NetName=Net3_15 Pin=3-15
Removed Pin From Net: NetName=Net3_16 Pin=3-16
Removed Pin From Net: NetName=Net3_17 Pin=3-17
Removed Pin From Net: NetName=Net3_18 Pin=3-18
Removed Pin From Net: NetName=Net3_19 Pin=3-19
Removed Pin From Net: NetName=Net3_20 Pin=3-20
Removed Pin From Net: NetName=Net3_21 Pin=3-21
Removed Pin From Net: NetName=Net3_22 Pin=3-22
Removed Pin From Net: NetName=Net3_23 Pin=3-23
Removed Pin From Net: NetName=Net3_24 Pin=3-24
Removed Pin From Net: NetName=Net3_33 Pin=3-33
Removed Pin From Net: NetName=Net3_34 Pin=3-34
Removed Pin From Net: NetName=Net3_35 Pin=3-35
Removed Pin From Net: NetName=Net3_36 Pin=3-36
Removed Pin From Net: NetName=Net3_37 Pin=3-37
Removed Pin From Net: NetName=Net3_38 Pin=3-38
Removed Pin From Net: NetName=Net3_39 Pin=3-39
Removed Pin From Net: NetName=Net3_+3V3 Pin=3-+3V3
Removed Pin From Net: NetName=Net3_+3V3 Pin=3-+3V3
Removed Pin From Net: NetName=Net3_A21 Pin=3-A21
Removed Pin From Net: NetName=Net3_A22 Pin=3-A22
Removed Pin From Net: NetName=Net3_AGND Pin=3-AGND
Removed Pin From Net: NetName=GND Pin=3-GND
Removed Pin From Net: NetName=GND Pin=3-GND
Removed Pin From Net: NetName=Net3_+3V3 Pin=C1-1
Removed Pin From Net: NetName=Net3_16 Pin=P1-1
Removed Pin From Net: NetName=Net3_17 Pin=P2-1
Removed Pin From Net: NetName=Net3_33 Pin=P3-1
Removed Pin From Net: NetName=Net3_34 Pin=P3-2
Removed Pin From Net: NetName=Net3_35 Pin=P3-3
Removed Pin From Net: NetName=Net3_36 Pin=P3-4
Removed Pin From Net: NetName=Net3_37 Pin=P3-5
Removed Pin From Net: NetName=Net3_38 Pin=P3-6
Removed Pin From Net: NetName=Net3_39 Pin=P3-7
Removed Pin From Net: NetName=Net3_A21 Pin=P3-8
Removed Pin From Net: NetName=Net3_A22 Pin=P3-9
Removed Pin From Net: NetName=Net3_14 Pin=P3-12
Removed Pin From Net: NetName=Net3_15 Pin=P3-13
Removed Pin From Net: NetName=Net3_16 Pin=P3-14
Removed Pin From Net: NetName=Net3_17 Pin=P3-15
Removed Pin From Net: NetName=Net3_18 Pin=P3-16
Removed Pin From Net: NetName=Net3_19 Pin=P3-17
Removed Pin From Net: NetName=Net3_20 Pin=P3-18
Removed Pin From Net: NetName=Net3_21 Pin=P3-19
Removed Pin From Net: NetName=Net3_22 Pin=P3-20
Removed Pin From Net: NetName=Net3_23 Pin=P3-21
Removed Pin From Net: NetName=Net3_AGND Pin=P3-23
Removed Pin From Net: NetName=GND Pin=U1-2
Removed Pin From Net: NetName=Net3_+3V3 Pin=U1-3
Removed Pin From Net: NetName=Net3_24 Pin=U1-12
Removed Pin From Net: NetName=Net3_13 Pin=U1-13
Removed Pin From Net: NetName=Net3_12 Pin=U1-14
Removed Pin From Net: NetName=Net3_11 Pin=U1-15
Removed Pin From Net: NetName=Net3_10 Pin=U1-16
Removed Member From Class: ClassName=ReceiverPCB Member=3
Change Component Footprint: Designator=U1 Old Footprint=LAMBDA62_SMT New Footprint=teensy_3.6
Change Component Comment : Designator=U1 Old Comment=LAMBDA80 New Comment=teensy_3.6
Change component parameters: Designator = "U1"; Footprint = "teensy_3.6"; UniqueID = "\GLNPDXYQ"
Change component parameters. Clean all parameters for all variants
Change component parameters (AddParameter): Name = "Supplier 1"; Value = ""; VariantName = "[No Variations]"
Change component parameters (AddParameter): Name = "Supplier Part Number 1"; Value = ""; VariantName = "[No Variations]"
Added Component: Designator=D1(D_LED_0805)
Add component. Clean all parameters for all variants
Added Component: Designator=D2(D_LED_0805)
Add component. Clean all parameters for all variants
Added Component: Designator=D3(D_LED_0805)
Add component. Clean all parameters for all variants
Added Component: Designator=R1(R_SMD_0805_pcb)
Add component. Clean all parameters for all variants
Add component (AddParameter): Name = "Supplier 1"; Value = ""; VariantName = "[No Variations]"
Add component (AddParameter): Name = "Supplier Part Number 1"; Value = ""; VariantName = "[No Variations]"
Add component (AddParameter): Name = "Value"; Value = "470"; VariantName = "[No Variations]"
Added Component: Designator=R2(R_SMD_0805_pcb)
Add component. Clean all parameters for all variants
Add component (AddParameter): Name = "Supplier 1"; Value = ""; VariantName = "[No Variations]"
Add component (AddParameter): Name = "Supplier Part Number 1"; Value = ""; VariantName = "[No Variations]"
Add component (AddParameter): Name = "Value"; Value = "470"; VariantName = "[No Variations]"
Added Component: Designator=R3(R_SMD_0805_pcb)
Add component. Clean all parameters for all variants
Add component (AddParameter): Name = "Supplier 1"; Value = ""; VariantName = "[No Variations]"
Add component (AddParameter): Name = "Supplier Part Number 1"; Value = ""; VariantName = "[No Variations]"
Add component (AddParameter): Name = "Value"; Value = "470"; VariantName = "[No Variations]"
Added Component: Designator=U2(LAMBDA62_SMT)
Add component. Clean all parameters for all variants
Added Pin To Net: NetName=Net3_10 Pin=D1-1
Added Pin To Net: NetName=GND Pin=D1-2
Added Pin To Net: NetName=Net3_11 Pin=D2-1
Added Pin To Net: NetName=GND Pin=D2-2
Added Pin To Net: NetName=Net3_12 Pin=D3-1
Added Pin To Net: NetName=GND Pin=D3-2
Added Pin To Net: NetName=Net3_24 Pin=P1-1
Added Pin To Net: NetName=Net3_33 Pin=P2-1
Added Pin To Net: NetName=Net3_13 Pin=P3-1
Added Pin To Net: NetName=Net3_14 Pin=P3-2
Added Pin To Net: NetName=Net3_15 Pin=P3-3
Added Pin To Net: NetName=Net3_16 Pin=P3-4
Added Pin To Net: NetName=Net3_17 Pin=P3-5
Added Pin To Net: NetName=Net3_18 Pin=P3-6
Added Pin To Net: NetName=Net3_19 Pin=P3-7
Added Pin To Net: NetName=Net3_20 Pin=P3-8
Added Pin To Net: NetName=Net3_21 Pin=P3-9
Added Pin To Net: NetName=Net3_22 Pin=P3-12
Added Pin To Net: NetName=Net3_23 Pin=P3-13
Added Pin To Net: NetName=Net3_24 Pin=P3-14
Added Pin To Net: NetName=Net3_33 Pin=P3-15
Added Pin To Net: NetName=Net3_34 Pin=P3-16
Added Pin To Net: NetName=Net3_35 Pin=P3-17
Added Pin To Net: NetName=Net3_36 Pin=P3-18
Added Pin To Net: NetName=Net3_37 Pin=P3-19
Added Pin To Net: NetName=Net3_38 Pin=P3-20
Added Pin To Net: NetName=Net3_39 Pin=P3-21
Added Pin To Net: NetName=Net3_A21 Pin=P3-23
Added Pin To Net: NetName=Net3_10 Pin=R1-1
Added Pin To Net: NetName=Net3_A22 Pin=R1-2
Added Pin To Net: NetName=Net3_11 Pin=R2-1
Added Pin To Net: NetName=Net3_AGND Pin=R2-2
Added Pin To Net: NetName=Net3_12 Pin=R3-1
Added Pin To Net: NetName=Net3_22 Pin=U1-14
Added Pin To Net: NetName=Net3_23 Pin=U1-15
Added Pin To Net: NetName=Net3_24 Pin=U1-16
Added Pin To Net: NetName=Net3_33 Pin=U1-17
Added Pin To Net: NetName=Net3_34 Pin=U1-18
Added Pin To Net: NetName=Net3_35 Pin=U1-19
Added Pin To Net: NetName=Net3_36 Pin=U1-20
Added Pin To Net: NetName=Net3_37 Pin=U1-21
Added Pin To Net: NetName=Net3_38 Pin=U1-22
Added Pin To Net: NetName=Net3_39 Pin=U1-23
Added Pin To Net: NetName=Net3_AGND Pin=U1-24
Added Pin To Net: NetName=Net3_A22 Pin=U1-25
Added Pin To Net: NetName=Net3_13 Pin=U1-33
Added Pin To Net: NetName=Net3_14 Pin=U1-34
Added Pin To Net: NetName=Net3_15 Pin=U1-35
Added Pin To Net: NetName=Net3_16 Pin=U1-36
Added Pin To Net: NetName=Net3_17 Pin=U1-37
Added Pin To Net: NetName=Net3_18 Pin=U1-38
Added Pin To Net: NetName=Net3_19 Pin=U1-39
Added Pin To Net: NetName=Net3_+3V3 Pin=U1-+3V3
Added Pin To Net: NetName=Net3_+3V3 Pin=U1-+3V3
Added Pin To Net: NetName=Net3_20 Pin=U1-A21
Added Pin To Net: NetName=Net3_21 Pin=U1-A22
Added Pin To Net: NetName=Net3_A21 Pin=U1-AGND
Added Pin To Net: NetName=GND Pin=U1-GND
Added Pin To Net: NetName=GND Pin=U1-GND
Added Pin To Net: NetName=GND Pin=U2-2
Added Pin To Net: NetName=Net3_A22 Pin=U2-6
Added Pin To Net: NetName=Net3_AGND Pin=U2-12
Change Net Name : Old Net Name=Net3_10 New Net Name=NetD1_1
Change Net Name : Old Net Name=Net3_11 New Net Name=NetD2_1
Change Net Name : Old Net Name=Net3_12 New Net Name=NetD3_1
Change Net Name : Old Net Name=Net3_13 New Net Name=NetP3_1
Change Net Name : Old Net Name=Net3_14 New Net Name=NetP3_2
Change Net Name : Old Net Name=Net3_15 New Net Name=NetP3_3
Change Net Name : Old Net Name=Net3_16 New Net Name=NetP3_4
Change Net Name : Old Net Name=Net3_17 New Net Name=NetP3_5
Change Net Name : Old Net Name=Net3_18 New Net Name=NetP3_6
Change Net Name : Old Net Name=Net3_19 New Net Name=NetP3_7
Change Net Name : Old Net Name=Net3_20 New Net Name=NetP3_8
Change Net Name : Old Net Name=Net3_21 New Net Name=NetP3_9
Change Net Name : Old Net Name=Net3_22 New Net Name=NetP3_12
Change Net Name : Old Net Name=Net3_23 New Net Name=NetP3_13
Change Net Name : Old Net Name=Net3_24 New Net Name=NetP1_1
Change Net Name : Old Net Name=Net3_33 New Net Name=NetP2_1
Change Net Name : Old Net Name=Net3_34 New Net Name=NetP3_16
Change Net Name : Old Net Name=Net3_35 New Net Name=NetP3_17
Change Net Name : Old Net Name=Net3_36 New Net Name=NetP3_18
Change Net Name : Old Net Name=Net3_37 New Net Name=NetP3_19
Change Net Name : Old Net Name=Net3_38 New Net Name=NetP3_20
Change Net Name : Old Net Name=Net3_39 New Net Name=NetP3_21
Change Net Name : Old Net Name=Net3_+3V3 New Net Name=NetP3_22
Change Net Name : Old Net Name=Net3_A21 New Net Name=NetP3_23
Change Net Name : Old Net Name=Net3_A22 New Net Name=NetR1_2
Change Net Name : Old Net Name=Net3_AGND New Net Name=NetR2_2
Added Pin To Net: NetName=3V3 Pin=C1-1
Added Pin To Net: NetName=3V3 Pin=U2-3
Added Net: Name=3V3
Added Pin To Net: NetName=5V Pin=U1-VIN
Added Net: Name=5V
Added Pin To Net: NetName=NetR3_2 Pin=R3-2
Added Pin To Net: NetName=NetR3_2 Pin=U1-10
Added Pin To Net: NetName=NetR3_2 Pin=U2-16
Added Net: Name=NetR3_2
Added Pin To Net: NetName=NetU1_11 Pin=U1-11
Added Pin To Net: NetName=NetU1_11 Pin=U2-15
Added Net: Name=NetU1_11
Added Pin To Net: NetName=NetU1_12 Pin=U1-12
Added Pin To Net: NetName=NetU1_12 Pin=U2-14
Added Net: Name=NetU1_12
Added Pin To Net: NetName=NetU1_13 Pin=U1-13
Added Net: Name=NetU1_13
Added Pin To Net: NetName=NetU1_26 Pin=U1-26
Added Pin To Net: NetName=NetU1_26 Pin=U2-7
Added Net: Name=NetU1_26
Added Pin To Net: NetName=NetU1_27 Pin=U1-27
Added Pin To Net: NetName=NetU1_27 Pin=U2-8
Added Net: Name=NetU1_27
Added Pin To Net: NetName=NetU1_28 Pin=U1-28
Added Pin To Net: NetName=NetU1_28 Pin=U2-9
Added Net: Name=NetU1_28
Added Pin To Net: NetName=NetU2_13 Pin=U2-13
Added Net: Name=NetU2_13
Added Member To Class: ClassName=ReceiverPCB Member=Component D1 LED
Added Member To Class: ClassName=ReceiverPCB Member=Component D2 LED
Added Member To Class: ClassName=ReceiverPCB Member=Component D3 LED
Added Member To Class: ClassName=ReceiverPCB Member=Component R1 SMD
Added Member To Class: ClassName=ReceiverPCB Member=Component R2 SMD
Added Member To Class: ClassName=ReceiverPCB Member=Component R3 SMD
Added Member To Class: ClassName=ReceiverPCB Member=Component U2 LAMBDA80
