Removed Pin From Net: NetName=Net3_28 Pin=3-28
Removed Pin From Net: NetName=Net3_13 Pin=P3-11
Removed Pin From Net: NetName=GND Pin=R1-1
Removed Pin From Net: NetName=GND Pin=R2-1
Removed Pin From Net: NetName=GND Pin=U1-2
Removed Pin From Net: NetName=Net3_28 Pin=U1-13
Removed Member From Class: ClassName=ReceiverPCB Member=R1
Removed Member From Class: ClassName=ReceiverPCB Member=R2
Change Component Comment : Designator=U1 Old Comment=LAMDA62_SMT New Comment=LAMBDA80
Change component parameters: Designator = "U1"; Footprint = "LAMBDA62_SMT"; UniqueID = "\VWIGWVYK"
Change component parameters. Clean all parameters for all variants
Added Component: Designator=C1(C_SMD_0805_pcb)
Add component. Clean all parameters for all variants
Add component (AddParameter): Name = "Supplier 1"; Value = ""; VariantName = "[No Variations]"
Add component (AddParameter): Name = "Supplier Part Number 1"; Value = ""; VariantName = "[No Variations]"
Add component (AddParameter): Name = "Value"; Value = "100n"; VariantName = "[No Variations]"
Added Pin To Net: NetName=Net3_28 Pin=C1-1
Added Pin To Net: NetName=GND Pin=C1-2
Added Pin To Net: NetName=GND Pin=P1-2
Added Pin To Net: NetName=GND Pin=P2-2
Added Pin To Net: NetName=Net3_28 Pin=U1-2
Added Pin To Net: NetName=Net3_13 Pin=U1-13
Change Net Name : Old Net Name=Net3_28 New Net Name=NetC1_1
Added Member To Class: ClassName=ReceiverPCB Member=Component C1 SMD
