c:\users\magnus\documents\fuel_fighter_telemetry\data_vis\fltk\ide\visualc2010\fltkzlib_release\vc141.pdb
c:\users\magnus\documents\fuel_fighter_telemetry\data_vis\fltk\ide\visualc2010\fltkzlib_release\zutil.obj
c:\users\magnus\documents\fuel_fighter_telemetry\data_vis\fltk\ide\visualc2010\fltkzlib_release\uncompr.obj
c:\users\magnus\documents\fuel_fighter_telemetry\data_vis\fltk\ide\visualc2010\fltkzlib_release\trees.obj
c:\users\magnus\documents\fuel_fighter_telemetry\data_vis\fltk\ide\visualc2010\fltkzlib_release\inftrees.obj
c:\users\magnus\documents\fuel_fighter_telemetry\data_vis\fltk\ide\visualc2010\fltkzlib_release\inflate.obj
c:\users\magnus\documents\fuel_fighter_telemetry\data_vis\fltk\ide\visualc2010\fltkzlib_release\inffast.obj
c:\users\magnus\documents\fuel_fighter_telemetry\data_vis\fltk\ide\visualc2010\fltkzlib_release\infback.obj
c:\users\magnus\documents\fuel_fighter_telemetry\data_vis\fltk\ide\visualc2010\fltkzlib_release\gzwrite.obj
c:\users\magnus\documents\fuel_fighter_telemetry\data_vis\fltk\ide\visualc2010\fltkzlib_release\gzread.obj
c:\users\magnus\documents\fuel_fighter_telemetry\data_vis\fltk\ide\visualc2010\fltkzlib_release\gzlib.obj
c:\users\magnus\documents\fuel_fighter_telemetry\data_vis\fltk\ide\visualc2010\fltkzlib_release\gzclose.obj
c:\users\magnus\documents\fuel_fighter_telemetry\data_vis\fltk\ide\visualc2010\fltkzlib_release\deflate.obj
c:\users\magnus\documents\fuel_fighter_telemetry\data_vis\fltk\ide\visualc2010\fltkzlib_release\crc32.obj
c:\users\magnus\documents\fuel_fighter_telemetry\data_vis\fltk\ide\visualc2010\fltkzlib_release\compress.obj
c:\users\magnus\documents\fuel_fighter_telemetry\data_vis\fltk\ide\visualc2010\fltkzlib_release\adler32.obj
c:\users\magnus\documents\fuel_fighter_telemetry\data_vis\fltk\lib\fltkzlib.lib
c:\users\magnus\documents\fuel_fighter_telemetry\data_vis\fltk\ide\visualc2010\..\..\lib\fltkzlib.lib
c:\users\magnus\documents\fuel_fighter_telemetry\data_vis\fltk\ide\visualc2010\fltkzlib_release\fltkzlib.tlog\cl.command.1.tlog
c:\users\magnus\documents\fuel_fighter_telemetry\data_vis\fltk\ide\visualc2010\fltkzlib_release\fltkzlib.tlog\cl.read.1.tlog
c:\users\magnus\documents\fuel_fighter_telemetry\data_vis\fltk\ide\visualc2010\fltkzlib_release\fltkzlib.tlog\cl.write.1.tlog
c:\users\magnus\documents\fuel_fighter_telemetry\data_vis\fltk\ide\visualc2010\fltkzlib_release\fltkzlib.tlog\lib-link.read.1.tlog
c:\users\magnus\documents\fuel_fighter_telemetry\data_vis\fltk\ide\visualc2010\fltkzlib_release\fltkzlib.tlog\lib-link.write.1.tlog
c:\users\magnus\documents\fuel_fighter_telemetry\data_vis\fltk\ide\visualc2010\fltkzlib_release\fltkzlib.tlog\lib.command.1.tlog
