c:\users\magnus\documents\fuel_fighter_telemetry\data_vis\fltk\ide\visualc2010\fltkpng_release\vc141.pdb
c:\users\magnus\documents\fuel_fighter_telemetry\data_vis\fltk\ide\visualc2010\fltkpng_release\pngwutil.obj
c:\users\magnus\documents\fuel_fighter_telemetry\data_vis\fltk\ide\visualc2010\fltkpng_release\pngwtran.obj
c:\users\magnus\documents\fuel_fighter_telemetry\data_vis\fltk\ide\visualc2010\fltkpng_release\pngwrite.obj
c:\users\magnus\documents\fuel_fighter_telemetry\data_vis\fltk\ide\visualc2010\fltkpng_release\pngwio.obj
c:\users\magnus\documents\fuel_fighter_telemetry\data_vis\fltk\ide\visualc2010\fltkpng_release\pngtrans.obj
c:\users\magnus\documents\fuel_fighter_telemetry\data_vis\fltk\ide\visualc2010\fltkpng_release\pngset.obj
c:\users\magnus\documents\fuel_fighter_telemetry\data_vis\fltk\ide\visualc2010\fltkpng_release\pngrutil.obj
c:\users\magnus\documents\fuel_fighter_telemetry\data_vis\fltk\ide\visualc2010\fltkpng_release\pngrtran.obj
c:\users\magnus\documents\fuel_fighter_telemetry\data_vis\fltk\ide\visualc2010\fltkpng_release\pngrio.obj
c:\users\magnus\documents\fuel_fighter_telemetry\data_vis\fltk\ide\visualc2010\fltkpng_release\pngread.obj
c:\users\magnus\documents\fuel_fighter_telemetry\data_vis\fltk\ide\visualc2010\fltkpng_release\pngpread.obj
c:\users\magnus\documents\fuel_fighter_telemetry\data_vis\fltk\ide\visualc2010\fltkpng_release\pngmem.obj
c:\users\magnus\documents\fuel_fighter_telemetry\data_vis\fltk\ide\visualc2010\fltkpng_release\pngget.obj
c:\users\magnus\documents\fuel_fighter_telemetry\data_vis\fltk\ide\visualc2010\fltkpng_release\pngerror.obj
c:\users\magnus\documents\fuel_fighter_telemetry\data_vis\fltk\ide\visualc2010\fltkpng_release\png.obj
c:\users\magnus\documents\fuel_fighter_telemetry\data_vis\fltk\lib\fltkpng.lib
c:\users\magnus\documents\fuel_fighter_telemetry\data_vis\fltk\ide\visualc2010\..\..\lib\fltkpng.lib
c:\users\magnus\documents\fuel_fighter_telemetry\data_vis\fltk\ide\visualc2010\fltkpng_release\fltkpng.tlog\cl.command.1.tlog
c:\users\magnus\documents\fuel_fighter_telemetry\data_vis\fltk\ide\visualc2010\fltkpng_release\fltkpng.tlog\cl.read.1.tlog
c:\users\magnus\documents\fuel_fighter_telemetry\data_vis\fltk\ide\visualc2010\fltkpng_release\fltkpng.tlog\cl.write.1.tlog
c:\users\magnus\documents\fuel_fighter_telemetry\data_vis\fltk\ide\visualc2010\fltkpng_release\fltkpng.tlog\lib-link.read.1.tlog
c:\users\magnus\documents\fuel_fighter_telemetry\data_vis\fltk\ide\visualc2010\fltkpng_release\fltkpng.tlog\lib-link.write.1.tlog
c:\users\magnus\documents\fuel_fighter_telemetry\data_vis\fltk\ide\visualc2010\fltkpng_release\fltkpng.tlog\lib.command.1.tlog
