c:\users\magnus\documents\fuel_fighter_telemetry\data_vis\fltk\ide\visualc2010\fltk_release\vc141.pdb
c:\users\magnus\documents\fuel_fighter_telemetry\data_vis\fltk\ide\visualc2010\fltk_release\vsnprintf.obj
c:\users\magnus\documents\fuel_fighter_telemetry\data_vis\fltk\ide\visualc2010\fltk_release\scandir.obj
c:\users\magnus\documents\fuel_fighter_telemetry\data_vis\fltk\ide\visualc2010\fltk_release\numericsort.obj
c:\users\magnus\documents\fuel_fighter_telemetry\data_vis\fltk\ide\visualc2010\fltk_release\is_spacing.obj
c:\users\magnus\documents\fuel_fighter_telemetry\data_vis\fltk\ide\visualc2010\fltk_release\is_right2left.obj
c:\users\magnus\documents\fuel_fighter_telemetry\data_vis\fltk\ide\visualc2010\fltk_release\flstring.obj
c:\users\magnus\documents\fuel_fighter_telemetry\data_vis\fltk\ide\visualc2010\fltk_release\fl_utf.obj
c:\users\magnus\documents\fuel_fighter_telemetry\data_vis\fltk\ide\visualc2010\fltk_release\fl_call_main.obj
c:\users\magnus\documents\fuel_fighter_telemetry\data_vis\fltk\ide\visualc2010\fltk_release\case.obj
c:\users\magnus\documents\fuel_fighter_telemetry\data_vis\fltk\ide\visualc2010\fltk_release\fl_browser_.obj
c:\users\magnus\documents\fuel_fighter_telemetry\data_vis\fltk\ide\visualc2010\fltk_release\fl_browser.obj
c:\users\magnus\documents\fuel_fighter_telemetry\data_vis\fltk\ide\visualc2010\fltk_release\fl_boxtype.obj
c:\users\magnus\documents\fuel_fighter_telemetry\data_vis\fltk\ide\visualc2010\fltk_release\fl_box.obj
c:\users\magnus\documents\fuel_fighter_telemetry\data_vis\fltk\ide\visualc2010\fltk_release\fl_bitmap.obj
c:\users\magnus\documents\fuel_fighter_telemetry\data_vis\fltk\ide\visualc2010\fltk_release\fl_ask.obj
c:\users\magnus\documents\fuel_fighter_telemetry\data_vis\fltk\ide\visualc2010\fltk_release\fl_arg.obj
c:\users\magnus\documents\fuel_fighter_telemetry\data_vis\fltk\ide\visualc2010\fltk_release\fl_arci.obj
c:\users\magnus\documents\fuel_fighter_telemetry\data_vis\fltk\ide\visualc2010\fltk_release\fl_arc.obj
c:\users\magnus\documents\fuel_fighter_telemetry\data_vis\fltk\ide\visualc2010\fltk_release\fl_adjuster.obj
c:\users\magnus\documents\fuel_fighter_telemetry\data_vis\fltk\ide\visualc2010\fltk_release\fl_add_idle.obj
c:\users\magnus\documents\fuel_fighter_telemetry\data_vis\fltk\ide\visualc2010\fltk_release\fl_abort.obj
c:\users\magnus\documents\fuel_fighter_telemetry\data_vis\fltk\ide\visualc2010\fltk_release\fl.obj
c:\users\magnus\documents\fuel_fighter_telemetry\data_vis\fltk\ide\visualc2010\fltk_release\filename_setext.obj
c:\users\magnus\documents\fuel_fighter_telemetry\data_vis\fltk\ide\visualc2010\fltk_release\filename_match.obj
c:\users\magnus\documents\fuel_fighter_telemetry\data_vis\fltk\ide\visualc2010\fltk_release\filename_list.obj
c:\users\magnus\documents\fuel_fighter_telemetry\data_vis\fltk\ide\visualc2010\fltk_release\filename_isdir.obj
c:\users\magnus\documents\fuel_fighter_telemetry\data_vis\fltk\ide\visualc2010\fltk_release\filename_ext.obj
c:\users\magnus\documents\fuel_fighter_telemetry\data_vis\fltk\ide\visualc2010\fltk_release\filename_expand.obj
c:\users\magnus\documents\fuel_fighter_telemetry\data_vis\fltk\ide\visualc2010\fltk_release\filename_absolute.obj
c:\users\magnus\documents\fuel_fighter_telemetry\data_vis\fltk\ide\visualc2010\fltk_release\fl_dnd.obj
c:\users\magnus\documents\fuel_fighter_telemetry\data_vis\fltk\ide\visualc2010\fltk_release\fl_display.obj
c:\users\magnus\documents\fuel_fighter_telemetry\data_vis\fltk\ide\visualc2010\fltk_release\fl_diamond_box.obj
c:\users\magnus\documents\fuel_fighter_telemetry\data_vis\fltk\ide\visualc2010\fltk_release\fl_dial.obj
c:\users\magnus\documents\fuel_fighter_telemetry\data_vis\fltk\ide\visualc2010\fltk_release\fl_device.obj
c:\users\magnus\documents\fuel_fighter_telemetry\data_vis\fltk\ide\visualc2010\fltk_release\fl_curve.obj
c:\users\magnus\documents\fuel_fighter_telemetry\data_vis\fltk\ide\visualc2010\fltk_release\fl_cursor.obj
c:\users\magnus\documents\fuel_fighter_telemetry\data_vis\fltk\ide\visualc2010\fltk_release\fl_counter.obj
c:\users\magnus\documents\fuel_fighter_telemetry\data_vis\fltk\ide\visualc2010\fltk_release\fl_copy_surface.obj
c:\users\magnus\documents\fuel_fighter_telemetry\data_vis\fltk\ide\visualc2010\fltk_release\fl_compose.obj
c:\users\magnus\documents\fuel_fighter_telemetry\data_vis\fltk\ide\visualc2010\fltk_release\fl_color_chooser.obj
c:\users\magnus\documents\fuel_fighter_telemetry\data_vis\fltk\ide\visualc2010\fltk_release\fl_color.obj
c:\users\magnus\documents\fuel_fighter_telemetry\data_vis\fltk\ide\visualc2010\fltk_release\fl_clock.obj
c:\users\magnus\documents\fuel_fighter_telemetry\data_vis\fltk\ide\visualc2010\fltk_release\fl_choice.obj
c:\users\magnus\documents\fuel_fighter_telemetry\data_vis\fltk\ide\visualc2010\fltk_release\fl_check_button.obj
c:\users\magnus\documents\fuel_fighter_telemetry\data_vis\fltk\ide\visualc2010\fltk_release\fl_check_browser.obj
c:\users\magnus\documents\fuel_fighter_telemetry\data_vis\fltk\ide\visualc2010\fltk_release\fl_chart.obj
c:\users\magnus\documents\fuel_fighter_telemetry\data_vis\fltk\ide\visualc2010\fltk_release\fl_cairo.obj
c:\users\magnus\documents\fuel_fighter_telemetry\data_vis\fltk\ide\visualc2010\fltk_release\fl_button.obj
c:\users\magnus\documents\fuel_fighter_telemetry\data_vis\fltk\ide\visualc2010\fltk_release\fl_browser_load.obj
c:\users\magnus\documents\fuel_fighter_telemetry\data_vis\fltk\ide\visualc2010\fltk_release\fl_image.obj
c:\users\magnus\documents\fuel_fighter_telemetry\data_vis\fltk\ide\visualc2010\fltk_release\fl_help_view.obj
c:\users\magnus\documents\fuel_fighter_telemetry\data_vis\fltk\ide\visualc2010\fltk_release\fl_gleam.obj
c:\users\magnus\documents\fuel_fighter_telemetry\data_vis\fltk\ide\visualc2010\fltk_release\fl_gtk.obj
c:\users\magnus\documents\fuel_fighter_telemetry\data_vis\fltk\ide\visualc2010\fltk_release\fl_group.obj
c:\users\magnus\documents\fuel_fighter_telemetry\data_vis\fltk\ide\visualc2010\fltk_release\fl_grab.obj
c:\users\magnus\documents\fuel_fighter_telemetry\data_vis\fltk\ide\visualc2010\fltk_release\fl_get_system_colors.obj
c:\users\magnus\documents\fuel_fighter_telemetry\data_vis\fltk\ide\visualc2010\fltk_release\fl_get_key.obj
c:\users\magnus\documents\fuel_fighter_telemetry\data_vis\fltk\ide\visualc2010\fltk_release\fl_font.obj
c:\users\magnus\documents\fuel_fighter_telemetry\data_vis\fltk\ide\visualc2010\fltk_release\fl_file_input.obj
c:\users\magnus\documents\fuel_fighter_telemetry\data_vis\fltk\ide\visualc2010\fltk_release\fl_file_icon.obj
c:\users\magnus\documents\fuel_fighter_telemetry\data_vis\fltk\ide\visualc2010\fltk_release\fl_file_dir.obj
c:\users\magnus\documents\fuel_fighter_telemetry\data_vis\fltk\ide\visualc2010\fltk_release\fl_file_chooser2.obj
c:\users\magnus\documents\fuel_fighter_telemetry\data_vis\fltk\ide\visualc2010\fltk_release\fl_file_chooser.obj
c:\users\magnus\documents\fuel_fighter_telemetry\data_vis\fltk\ide\visualc2010\fltk_release\fl_file_browser.obj
c:\users\magnus\documents\fuel_fighter_telemetry\data_vis\fltk\ide\visualc2010\fltk_release\fl_engraved_label.obj
c:\users\magnus\documents\fuel_fighter_telemetry\data_vis\fltk\ide\visualc2010\fltk_release\fl_draw_pixmap.obj
c:\users\magnus\documents\fuel_fighter_telemetry\data_vis\fltk\ide\visualc2010\fltk_release\fl_draw_image.obj
c:\users\magnus\documents\fuel_fighter_telemetry\data_vis\fltk\ide\visualc2010\fltk_release\fl_draw.obj
c:\users\magnus\documents\fuel_fighter_telemetry\data_vis\fltk\ide\visualc2010\fltk_release\fl_double_window.obj
c:\users\magnus\documents\fuel_fighter_telemetry\data_vis\fltk\ide\visualc2010\fltk_release\fl_overlay_visual.obj
c:\users\magnus\documents\fuel_fighter_telemetry\data_vis\fltk\ide\visualc2010\fltk_release\fl_overlay.obj
c:\users\magnus\documents\fuel_fighter_telemetry\data_vis\fltk\ide\visualc2010\fltk_release\fl_oval_box.obj
c:\users\magnus\documents\fuel_fighter_telemetry\data_vis\fltk\ide\visualc2010\fltk_release\fl_open_uri.obj
c:\users\magnus\documents\fuel_fighter_telemetry\data_vis\fltk\ide\visualc2010\fltk_release\fl_native_file_chooser.obj
c:\users\magnus\documents\fuel_fighter_telemetry\data_vis\fltk\ide\visualc2010\fltk_release\fl_multi_label.obj
c:\users\magnus\documents\fuel_fighter_telemetry\data_vis\fltk\ide\visualc2010\fltk_release\fl_menu_window.obj
c:\users\magnus\documents\fuel_fighter_telemetry\data_vis\fltk\ide\visualc2010\fltk_release\fl_menu_global.obj
c:\users\magnus\documents\fuel_fighter_telemetry\data_vis\fltk\ide\visualc2010\fltk_release\fl_menu_button.obj
c:\users\magnus\documents\fuel_fighter_telemetry\data_vis\fltk\ide\visualc2010\fltk_release\fl_menu_bar.obj
c:\users\magnus\documents\fuel_fighter_telemetry\data_vis\fltk\ide\visualc2010\fltk_release\fl_menu_add.obj
c:\users\magnus\documents\fuel_fighter_telemetry\data_vis\fltk\ide\visualc2010\fltk_release\fl_menu_.obj
c:\users\magnus\documents\fuel_fighter_telemetry\data_vis\fltk\ide\visualc2010\fltk_release\fl_menu.obj
c:\users\magnus\documents\fuel_fighter_telemetry\data_vis\fltk\ide\visualc2010\fltk_release\fl_lock.obj
c:\users\magnus\documents\fuel_fighter_telemetry\data_vis\fltk\ide\visualc2010\fltk_release\fl_line_style.obj
c:\users\magnus\documents\fuel_fighter_telemetry\data_vis\fltk\ide\visualc2010\fltk_release\fl_light_button.obj
c:\users\magnus\documents\fuel_fighter_telemetry\data_vis\fltk\ide\visualc2010\fltk_release\fl_labeltype.obj
c:\users\magnus\documents\fuel_fighter_telemetry\data_vis\fltk\ide\visualc2010\fltk_release\fl_input_.obj
c:\users\magnus\documents\fuel_fighter_telemetry\data_vis\fltk\ide\visualc2010\fltk_release\fl_input.obj
c:\users\magnus\documents\fuel_fighter_telemetry\data_vis\fltk\ide\visualc2010\fltk_release\fl_image_surface.obj
c:\users\magnus\documents\fuel_fighter_telemetry\data_vis\fltk\ide\visualc2010\fltk_release\fl_scroll.obj
c:\users\magnus\documents\fuel_fighter_telemetry\data_vis\fltk\ide\visualc2010\fltk_release\fl_rounded_box.obj
c:\users\magnus\documents\fuel_fighter_telemetry\data_vis\fltk\ide\visualc2010\fltk_release\fl_round_button.obj
c:\users\magnus\documents\fuel_fighter_telemetry\data_vis\fltk\ide\visualc2010\fltk_release\fl_round_box.obj
c:\users\magnus\documents\fuel_fighter_telemetry\data_vis\fltk\ide\visualc2010\fltk_release\fl_roller.obj
c:\users\magnus\documents\fuel_fighter_telemetry\data_vis\fltk\ide\visualc2010\fltk_release\fl_return_button.obj
c:\users\magnus\documents\fuel_fighter_telemetry\data_vis\fltk\ide\visualc2010\fltk_release\fl_repeat_button.obj
c:\users\magnus\documents\fuel_fighter_telemetry\data_vis\fltk\ide\visualc2010\fltk_release\fl_rect.obj
c:\users\magnus\documents\fuel_fighter_telemetry\data_vis\fltk\ide\visualc2010\fltk_release\fl_read_image.obj
c:\users\magnus\documents\fuel_fighter_telemetry\data_vis\fltk\ide\visualc2010\fltk_release\fl_progress.obj
c:\users\magnus\documents\fuel_fighter_telemetry\data_vis\fltk\ide\visualc2010\fltk_release\fl_printer.obj
c:\users\magnus\documents\fuel_fighter_telemetry\data_vis\fltk\ide\visualc2010\fltk_release\fl_preferences.obj
c:\users\magnus\documents\fuel_fighter_telemetry\data_vis\fltk\ide\visualc2010\fltk_release\fl_postscript.obj
c:\users\magnus\documents\fuel_fighter_telemetry\data_vis\fltk\ide\visualc2010\fltk_release\fl_positioner.obj
c:\users\magnus\documents\fuel_fighter_telemetry\data_vis\fltk\ide\visualc2010\fltk_release\fl_plastic.obj
c:\users\magnus\documents\fuel_fighter_telemetry\data_vis\fltk\ide\visualc2010\fltk_release\fl_pixmap.obj
c:\users\magnus\documents\fuel_fighter_telemetry\data_vis\fltk\ide\visualc2010\fltk_release\fl_paged_device.obj
c:\users\magnus\documents\fuel_fighter_telemetry\data_vis\fltk\ide\visualc2010\fltk_release\fl_pack.obj
c:\users\magnus\documents\fuel_fighter_telemetry\data_vis\fltk\ide\visualc2010\fltk_release\fl_own_colormap.obj
c:\users\magnus\documents\fuel_fighter_telemetry\data_vis\fltk\ide\visualc2010\fltk_release\fl_overlay_window.obj
c:\users\magnus\documents\fuel_fighter_telemetry\data_vis\fltk\ide\visualc2010\fltk_release\fl_tooltip.obj
c:\users\magnus\documents\fuel_fighter_telemetry\data_vis\fltk\ide\visualc2010\fltk_release\fl_tiled_image.obj
c:\users\magnus\documents\fuel_fighter_telemetry\data_vis\fltk\ide\visualc2010\fltk_release\fl_tile.obj
c:\users\magnus\documents\fuel_fighter_telemetry\data_vis\fltk\ide\visualc2010\fltk_release\fl_text_editor.obj
c:\users\magnus\documents\fuel_fighter_telemetry\data_vis\fltk\ide\visualc2010\fltk_release\fl_text_display.obj
c:\users\magnus\documents\fuel_fighter_telemetry\data_vis\fltk\ide\visualc2010\fltk_release\fl_text_buffer.obj
c:\users\magnus\documents\fuel_fighter_telemetry\data_vis\fltk\ide\visualc2010\fltk_release\fl_tabs.obj
c:\users\magnus\documents\fuel_fighter_telemetry\data_vis\fltk\ide\visualc2010\fltk_release\fl_table_row.obj
c:\users\magnus\documents\fuel_fighter_telemetry\data_vis\fltk\ide\visualc2010\fltk_release\fl_table.obj
c:\users\magnus\documents\fuel_fighter_telemetry\data_vis\fltk\ide\visualc2010\fltk_release\fl_symbols.obj
c:\users\magnus\documents\fuel_fighter_telemetry\data_vis\fltk\ide\visualc2010\fltk_release\fl_slider.obj
c:\users\magnus\documents\fuel_fighter_telemetry\data_vis\fltk\ide\visualc2010\fltk_release\fl_single_window.obj
c:\users\magnus\documents\fuel_fighter_telemetry\data_vis\fltk\ide\visualc2010\fltk_release\fl_show_colormap.obj
c:\users\magnus\documents\fuel_fighter_telemetry\data_vis\fltk\ide\visualc2010\fltk_release\fl_shortcut.obj
c:\users\magnus\documents\fuel_fighter_telemetry\data_vis\fltk\ide\visualc2010\fltk_release\fl_shared_image.obj
c:\users\magnus\documents\fuel_fighter_telemetry\data_vis\fltk\ide\visualc2010\fltk_release\fl_shadow_box.obj
c:\users\magnus\documents\fuel_fighter_telemetry\data_vis\fltk\ide\visualc2010\fltk_release\fl_set_fonts.obj
c:\users\magnus\documents\fuel_fighter_telemetry\data_vis\fltk\ide\visualc2010\fltk_release\fl_set_font.obj
c:\users\magnus\documents\fuel_fighter_telemetry\data_vis\fltk\ide\visualc2010\fltk_release\fl_scrollbar.obj
c:\users\magnus\documents\fuel_fighter_telemetry\data_vis\fltk\ide\visualc2010\fltk_release\fl_scroll_area.obj
c:\users\magnus\documents\fuel_fighter_telemetry\data_vis\fltk\ide\visualc2010\fltk_release\fl_xbm_image.obj
c:\users\magnus\documents\fuel_fighter_telemetry\data_vis\fltk\ide\visualc2010\fltk_release\fl_x.obj
c:\users\magnus\documents\fuel_fighter_telemetry\data_vis\fltk\ide\visualc2010\fltk_release\fl_wizard.obj
c:\users\magnus\documents\fuel_fighter_telemetry\data_vis\fltk\ide\visualc2010\fltk_release\fl_window_shape.obj
c:\users\magnus\documents\fuel_fighter_telemetry\data_vis\fltk\ide\visualc2010\fltk_release\fl_window_iconize.obj
c:\users\magnus\documents\fuel_fighter_telemetry\data_vis\fltk\ide\visualc2010\fltk_release\fl_window_hotspot.obj
c:\users\magnus\documents\fuel_fighter_telemetry\data_vis\fltk\ide\visualc2010\fltk_release\fl_window_fullscreen.obj
c:\users\magnus\documents\fuel_fighter_telemetry\data_vis\fltk\ide\visualc2010\fltk_release\fl_window.obj
c:\users\magnus\documents\fuel_fighter_telemetry\data_vis\fltk\ide\visualc2010\fltk_release\fl_widget.obj
c:\users\magnus\documents\fuel_fighter_telemetry\data_vis\fltk\ide\visualc2010\fltk_release\fl_visual.obj
c:\users\magnus\documents\fuel_fighter_telemetry\data_vis\fltk\ide\visualc2010\fltk_release\fl_vertex.obj
c:\users\magnus\documents\fuel_fighter_telemetry\data_vis\fltk\ide\visualc2010\fltk_release\fl_value_slider.obj
c:\users\magnus\documents\fuel_fighter_telemetry\data_vis\fltk\ide\visualc2010\fltk_release\fl_value_output.obj
c:\users\magnus\documents\fuel_fighter_telemetry\data_vis\fltk\ide\visualc2010\fltk_release\fl_value_input.obj
c:\users\magnus\documents\fuel_fighter_telemetry\data_vis\fltk\ide\visualc2010\fltk_release\fl_valuator.obj
c:\users\magnus\documents\fuel_fighter_telemetry\data_vis\fltk\ide\visualc2010\fltk_release\fl_utf8.obj
c:\users\magnus\documents\fuel_fighter_telemetry\data_vis\fltk\ide\visualc2010\fltk_release\fl_tree_prefs.obj
c:\users\magnus\documents\fuel_fighter_telemetry\data_vis\fltk\ide\visualc2010\fltk_release\fl_tree_item_array.obj
c:\users\magnus\documents\fuel_fighter_telemetry\data_vis\fltk\ide\visualc2010\fltk_release\fl_tree_item.obj
c:\users\magnus\documents\fuel_fighter_telemetry\data_vis\fltk\ide\visualc2010\fltk_release\fl_tree.obj
c:\users\magnus\documents\fuel_fighter_telemetry\data_vis\fltk\ide\visualc2010\fltk_release\screen_xywh.obj
c:\users\magnus\documents\fuel_fighter_telemetry\data_vis\fltk\ide\visualc2010\fltk_release\ps_image.obj
c:\users\magnus\documents\fuel_fighter_telemetry\data_vis\fltk\ide\visualc2010\fltk_release\fl_xpm_image.obj
c:\users\magnus\documents\fuel_fighter_telemetry\data_vis\fltk\lib\fltk.lib
c:\users\magnus\documents\fuel_fighter_telemetry\data_vis\fltk\ide\visualc2010\..\..\lib\fltk.lib
c:\users\magnus\documents\fuel_fighter_telemetry\data_vis\fltk\ide\visualc2010\fltk_release\fltk.tlog\cl.command.1.tlog
c:\users\magnus\documents\fuel_fighter_telemetry\data_vis\fltk\ide\visualc2010\fltk_release\fltk.tlog\cl.read.1.tlog
c:\users\magnus\documents\fuel_fighter_telemetry\data_vis\fltk\ide\visualc2010\fltk_release\fltk.tlog\cl.write.1.tlog
c:\users\magnus\documents\fuel_fighter_telemetry\data_vis\fltk\ide\visualc2010\fltk_release\fltk.tlog\lib-link.read.1.tlog
c:\users\magnus\documents\fuel_fighter_telemetry\data_vis\fltk\ide\visualc2010\fltk_release\fltk.tlog\lib-link.write.1.tlog
c:\users\magnus\documents\fuel_fighter_telemetry\data_vis\fltk\ide\visualc2010\fltk_release\fltk.tlog\lib.command.1.tlog
