Removed Pin From Net: NetName=NetC1_1 Pin=C1-1
Removed Pin From Net: NetName=GND Pin=C1-2
Removed Pin From Net: NetName=5V Pin=C2-1
Removed Pin From Net: NetName=GND Pin=C2-2
Removed Pin From Net: NetName=24V_In Pin=P1-1
Removed Pin From Net: NetName=GND Pin=P1-2
Removed Pin From Net: NetName=24V_Out Pin=P2-1
Removed Pin From Net: NetName=GND Pin=P2-2
Removed Pin From Net: NetName=24V_In Pin=U1-1
Removed Pin From Net: NetName=24V_In Pin=U1-2
Removed Pin From Net: NetName=24V_Out Pin=U1-3
Removed Pin From Net: NetName=24V_Out Pin=U1-4
Removed Pin From Net: NetName=GND Pin=U1-5
Removed Pin From Net: NetName=NetC1_1 Pin=U1-6
Removed Pin From Net: NetName=NetU1_7 Pin=U1-7
Removed Pin From Net: NetName=5V Pin=U1-8
Removed Pin From Net: NetName=NetU1_7 Pin=U5-14
Removed Member From Class: ClassName=Telemetry_schematic Member=C11
Removed Member From Class: ClassName=Telemetry_schematic Member=C12
Removed Member From Class: ClassName=Telemetry_schematic Member=P13
Removed Member From Class: ClassName=Telemetry_schematic Member=R15
Removed Member From Class: ClassName=Telemetry_schematic Member=U5
Change Component Footprint: Designator=P2 Old Footprint=XT-60 New Footprint=JST_SE_4PIN
Change Component Comment : Designator=P2 Old Comment=XT-60 New Comment=JST_SE_4PIN
Change Component Designator: OldDesignator=C3 NewDesignator=C1
Change Component Designator: OldDesignator=C4 NewDesignator=C2
Change Component Designator: OldDesignator=C6 NewDesignator=C4
Change Component Designator: OldDesignator=C7 NewDesignator=C6
Change Component Designator: OldDesignator=C8 NewDesignator=C3
Change Component Designator: OldDesignator=C11 NewDesignator=C8
Change Component Designator: OldDesignator=C12 NewDesignator=C7
Change Component Designator: OldDesignator=D1 NewDesignator=D2
Change Component Designator: OldDesignator=D2 NewDesignator=D1
Change Component Designator: OldDesignator=D3 NewDesignator=D6
Change Component Designator: OldDesignator=D4 NewDesignator=D7
Change Component Designator: OldDesignator=D5 NewDesignator=D3
Change Component Designator: OldDesignator=D6 NewDesignator=D4
Change Component Designator: OldDesignator=D7 NewDesignator=D5
Change Component Designator: OldDesignator=P3 NewDesignator=P1
Change Component Designator: OldDesignator=P4 NewDesignator=P11
Change Component Designator: OldDesignator=P5 NewDesignator=P3
Change Component Designator: OldDesignator=P6 NewDesignator=P12
Change Component Designator: OldDesignator=P7 NewDesignator=P13
Change Component Designator: OldDesignator=P8 NewDesignator=P4
Change Component Designator: OldDesignator=P9 NewDesignator=P5
Change Component Designator: OldDesignator=P10 NewDesignator=P6
Change Component Designator: OldDesignator=P11 NewDesignator=P7
Change Component Designator: OldDesignator=P12 NewDesignator=P8
Change Component Designator: OldDesignator=P13 NewDesignator=P9
Change Component Designator: OldDesignator=P14 NewDesignator=P10
Change Component Designator: OldDesignator=P15 NewDesignator=P14
Change Component Designator: OldDesignator=P16 NewDesignator=P15
Change Component Designator: OldDesignator=R1 NewDesignator=R4
Change Component Designator: OldDesignator=R2 NewDesignator=R5
Change Component Designator: OldDesignator=R4 NewDesignator=R13
Change Component Designator: OldDesignator=R5 NewDesignator=R7
Change Component Designator: OldDesignator=R6 NewDesignator=R9
Change Component Designator: OldDesignator=R7 NewDesignator=R6
Change Component Designator: OldDesignator=R9 NewDesignator=R1
Change Component Designator: OldDesignator=R10 NewDesignator=R15
Change Component Designator: OldDesignator=R11 NewDesignator=R16
Change Component Designator: OldDesignator=R12 NewDesignator=R2
Change Component Designator: OldDesignator=R13 NewDesignator=R10
Change Component Designator: OldDesignator=R14 NewDesignator=R11
Change Component Designator: OldDesignator=R15 NewDesignator=R12
Change Component Designator: OldDesignator=R16 NewDesignator=R14
Change Component Designator: OldDesignator=R17 NewDesignator=R20
Change Component Designator: OldDesignator=R18 NewDesignator=R17
Change Component Designator: OldDesignator=R19 NewDesignator=R22
Change Component Designator: OldDesignator=R20 NewDesignator=R18
Change Component Designator: OldDesignator=R22 NewDesignator=R19
Change Component Designator: OldDesignator=R23 NewDesignator=R21
Change Component Designator: OldDesignator=R25 NewDesignator=R23
Change Component Designator: OldDesignator=R27 NewDesignator=R24
Change Component Designator: OldDesignator=R29 NewDesignator=R25
Change Component Designator: OldDesignator=R30 NewDesignator=R26
Change Component Designator: OldDesignator=U2 NewDesignator=U3
Change Component Designator: OldDesignator=U3 NewDesignator=U1
Change Component Designator: OldDesignator=U5 NewDesignator=U2
Change Component Designator: OldDesignator=U6 NewDesignator=U5
Change Component Designator: OldDesignator=U7 NewDesignator=U6
Change component parameters: Designator = "P2" ("P2"); Footprint = "XT-60"; UniqueID = "\OCKXCGES" ("\OCKXCGES")
Change component parameters (AddParameter): Name = "Supplier Link 1"; Value = "https://www.digikey.com/product-detail/en/jst-sales-america-inc/S4B-XH-A-LF-SN/455-2243-ND/1651041"; VariantName = "[No Variations]"
Change component parameters (AddParameter): Name = "Supplier Part Number 1"; Value = "455-2243-ND"; VariantName = "[No Variations]"
Added Component: Designator=R27(R_SMD_0805_pcb)
Add component (AddParameter): Name = "Supplier 1"; Value = ""; VariantName = "[No Variations]"
Add component (AddParameter): Name = "Supplier Part Number 1"; Value = ""; VariantName = "[No Variations]"
Add component (AddParameter): Name = "Value"; Value = "10k"; VariantName = "[No Variations]"
Added Component: Designator=R28(R_SMD_0805_pcb)
Add component (AddParameter): Name = "Supplier 1"; Value = ""; VariantName = "[No Variations]"
Add component (AddParameter): Name = "Supplier Part Number 1"; Value = ""; VariantName = "[No Variations]"
Add component (AddParameter): Name = "Value"; Value = "10k"; VariantName = "[No Variations]"
Added Pin To Net: NetName=5V Pin=P2-1
Added Pin To Net: NetName=NetU1_7 Pin=P2-2
Added Pin To Net: NetName=NetC1_1 Pin=P2-3
Added Pin To Net: NetName=GND Pin=P2-4
Added Pin To Net: NetName=5V Pin=R27-1
Added Pin To Net: NetName=NetU1_7 Pin=R27-2
Added Pin To Net: NetName=GND Pin=R28-1
Added Pin To Net: NetName=NetU1_7 Pin=R28-2
Added Pin To Net: NetName=NetC1_1 Pin=U2-14
Change Net Name : Old Net Name=NetC1_1 New Net Name=NetP2_3
Change Net Name : Old Net Name=NetC6_1 New Net Name=NetC4_1
Change Net Name : Old Net Name=NetC8_1 New Net Name=NetC3_1
Change Net Name : Old Net Name=NetC12_1 New Net Name=NetC7_1
Change Net Name : Old Net Name=NetD1_1 New Net Name=NetD2_1
Change Net Name : Old Net Name=NetD3_1 New Net Name=NetD6_1
Change Net Name : Old Net Name=NetD4_1 New Net Name=NetD7_1
Change Net Name : Old Net Name=NetD5_1 New Net Name=NetD3_1
Change Net Name : Old Net Name=NetD6_1 New Net Name=NetD4_1
Change Net Name : Old Net Name=NetD7_1 New Net Name=NetD5_1
Change Net Name : Old Net Name=NetP4_1 New Net Name=NetP11_1
Change Net Name : Old Net Name=NetP4_2 New Net Name=NetP11_2
Change Net Name : Old Net Name=NetP4_3 New Net Name=NetP11_3
Change Net Name : Old Net Name=NetP5_4 New Net Name=NetP3_4
Change Net Name : Old Net Name=NetP5_5 New Net Name=NetP3_5
Change Net Name : Old Net Name=NetP5_6 New Net Name=NetP3_6
Change Net Name : Old Net Name=NetP5_7 New Net Name=NetP3_7
Change Net Name : Old Net Name=NetP5_8 New Net Name=NetP3_8
Change Net Name : Old Net Name=NetP5_9 New Net Name=NetP3_9
Change Net Name : Old Net Name=NetP5_16 New Net Name=NetP3_16
Change Net Name : Old Net Name=NetP5_17 New Net Name=NetP3_17
Change Net Name : Old Net Name=NetP5_18 New Net Name=NetP3_18
Change Net Name : Old Net Name=NetP5_19 New Net Name=NetP3_19
Change Net Name : Old Net Name=NetP5_20 New Net Name=NetP3_20
Change Net Name : Old Net Name=NetP5_21 New Net Name=NetP3_21
Change Net Name : Old Net Name=NetP5_22 New Net Name=NetP3_22
Change Net Name : Old Net Name=NetP5_23 New Net Name=NetP3_23
Change Net Name : Old Net Name=NetP5_24 New Net Name=NetP3_24
Change Net Name : Old Net Name=NetP6_2 New Net Name=NetP12_2
Change Net Name : Old Net Name=NetP15_1 New Net Name=NetP14_1
Change Net Name : Old Net Name=NetP16_1 New Net Name=NetP15_1
Change Net Name : Old Net Name=NetR1_1 New Net Name=NetR4_1
Change Net Name : Old Net Name=NetR5_1 New Net Name=NetR7_1
Change Net Name : Old Net Name=NetR9_2 New Net Name=NetR1_2
Change Net Name : Old Net Name=NetR10_1 New Net Name=NetR15_1
Change Net Name : Old Net Name=NetR11_1 New Net Name=NetR16_1
Change Net Name : Old Net Name=NetR13_2 New Net Name=NetR10_2
Change Net Name : Old Net Name=NetR14_2 New Net Name=NetR11_2
Change Net Name : Old Net Name=NetR15_2 New Net Name=NetR12_2
Change Net Name : Old Net Name=NetR16_2 New Net Name=NetR14_2
Change Net Name : Old Net Name=NetR18_1 New Net Name=NetR17_1
Change Net Name : Old Net Name=NetR22_1 New Net Name=NetR19_1
Change Net Name : Old Net Name=NetR22_2 New Net Name=NetR19_2
Change Net Name : Old Net Name=NetR25_1 New Net Name=NetR23_1
Change Net Name : Old Net Name=NetR29_1 New Net Name=NetR25_1
Change Net Name : Old Net Name=NetR29_2 New Net Name=NetR25_2
Change Net Name : Old Net Name=NetU1_7 New Net Name=NetP2_2
Change Net Name : Old Net Name=NetU2_7 New Net Name=NetU2_26
Change Net Name : Old Net Name=NetU2_8 New Net Name=NetU2_27
Change Net Name : Old Net Name=NetU2_9 New Net Name=NetU2_28
Change Net Name : Old Net Name=NetU2_14 New Net Name=NetU2_12
Change Net Name : Old Net Name=NetU2_15 New Net Name=NetU2_11
Added Member To Class: ClassName=Telemetry_schematic Member=Component R4 SMD
Added Member To Class: ClassName=Telemetry_schematic Member=Component R27 SMD
Added Member To Class: ClassName=Telemetry_schematic Member=Component R28 SMD
