Added Component: Designator=D5(D_LED_0805)
Add component. Clean all parameters for all variants
Added Component: Designator=D6(D_LED_0805)
Add component. Clean all parameters for all variants
Added Component: Designator=D7(D_LED_0805)
Add component. Clean all parameters for all variants
Added Component: Designator=R13(R_SMD_0805_pcb)
Add component. Clean all parameters for all variants
Add component (AddParameter): Name = "Supplier 1"; Value = ""; VariantName = "[No Variations]"
Add component (AddParameter): Name = "Supplier Part Number 1"; Value = ""; VariantName = "[No Variations]"
Add component (AddParameter): Name = "Value"; Value = "470"; VariantName = "[No Variations]"
Added Component: Designator=R14(R_SMD_0805_pcb)
Add component. Clean all parameters for all variants
Add component (AddParameter): Name = "Supplier 1"; Value = ""; VariantName = "[No Variations]"
Add component (AddParameter): Name = "Supplier Part Number 1"; Value = ""; VariantName = "[No Variations]"
Add component (AddParameter): Name = "Value"; Value = "470"; VariantName = "[No Variations]"
Added Component: Designator=R15(R_SMD_0805_pcb)
Add component. Clean all parameters for all variants
Add component (AddParameter): Name = "Supplier 1"; Value = ""; VariantName = "[No Variations]"
Add component (AddParameter): Name = "Supplier Part Number 1"; Value = ""; VariantName = "[No Variations]"
Add component (AddParameter): Name = "Value"; Value = "470"; VariantName = "[No Variations]"
Added Pin To Net: NetName=GND Pin=D5-2
Added Pin To Net: NetName=GND Pin=D6-2
Added Pin To Net: NetName=GND Pin=D7-2
Added Pin To Net: NetName=NetU2_6 Pin=R13-2
Added Pin To Net: NetName=NetU2_12 Pin=R14-2
Added Pin To Net: NetName=NetU2_16 Pin=R15-2
Change Net Name : Old Net Name=NetU2_6 New Net Name=NetR13_2
Change Net Name : Old Net Name=NetU2_12 New Net Name=NetR14_2
Change Net Name : Old Net Name=NetU2_16 New Net Name=NetR15_2
Added Pin To Net: NetName=NetD5_1 Pin=D5-1
Added Pin To Net: NetName=NetD5_1 Pin=R13-1
Added Net: Name=NetD5_1
Added Pin To Net: NetName=NetD6_1 Pin=D6-1
Added Pin To Net: NetName=NetD6_1 Pin=R14-1
Added Net: Name=NetD6_1
Added Pin To Net: NetName=NetD7_1 Pin=D7-1
Added Pin To Net: NetName=NetD7_1 Pin=R15-1
Added Net: Name=NetD7_1
Added Member To Class: ClassName=Telemetry_schematic Member=Component D5 LED
Added Member To Class: ClassName=Telemetry_schematic Member=Component D6 LED
Added Member To Class: ClassName=Telemetry_schematic Member=Component D7 LED
Added Member To Class: ClassName=Telemetry_schematic Member=Component R13 SMD
Added Member To Class: ClassName=Telemetry_schematic Member=Component R14 SMD
Added Member To Class: ClassName=Telemetry_schematic Member=Component R15 SMD
