Replace Part C1 C_SMD_0805 in C:\Users\Magnus\Documents\Fuel_Fighter_Telemetry\Telemetry_PCB\Telemetry_schematic.SchDoc with C_SMD_0805 from FF_component_lib.SchLib
Replace Part C2 C_SMD_0805 in C:\Users\Magnus\Documents\Fuel_Fighter_Telemetry\Telemetry_PCB\Telemetry_schematic.SchDoc with C_SMD_0805 from FF_component_lib.SchLib
Replace Part C3 C_SMD_0805 in C:\Users\Magnus\Documents\Fuel_Fighter_Telemetry\Telemetry_PCB\Telemetry_schematic.SchDoc with C_SMD_0805 from FF_component_lib.SchLib
Replace Part C4 C_SMD_0805 in C:\Users\Magnus\Documents\Fuel_Fighter_Telemetry\Telemetry_PCB\Telemetry_schematic.SchDoc with C_SMD_0805 from FF_component_lib.SchLib
Replace Part C5 C_SMD_0805 in C:\Users\Magnus\Documents\Fuel_Fighter_Telemetry\Telemetry_PCB\Telemetry_schematic.SchDoc with C_SMD_0805 from FF_component_lib.SchLib
Replace Part C6 C_SMD_0805 in C:\Users\Magnus\Documents\Fuel_Fighter_Telemetry\Telemetry_PCB\Telemetry_schematic.SchDoc with C_SMD_0805 from FF_component_lib.SchLib
Replace Part C7 C_SMD_0805 in C:\Users\Magnus\Documents\Fuel_Fighter_Telemetry\Telemetry_PCB\Telemetry_schematic.SchDoc with C_SMD_0805 from FF_component_lib.SchLib
Replace Part C8 C_SMD_0805 in C:\Users\Magnus\Documents\Fuel_Fighter_Telemetry\Telemetry_PCB\Telemetry_schematic.SchDoc with C_SMD_0805 from FF_component_lib.SchLib
Replace Part C9 C_SMD_0805 in C:\Users\Magnus\Documents\Fuel_Fighter_Telemetry\Telemetry_PCB\Telemetry_schematic.SchDoc with C_SMD_0805 from FF_component_lib.SchLib
Replace Part C10 C_SMD_0805 in C:\Users\Magnus\Documents\Fuel_Fighter_Telemetry\Telemetry_PCB\Telemetry_schematic.SchDoc with C_SMD_0805 from FF_component_lib.SchLib
Replace Part L1 L_SMD_0805 in C:\Users\Magnus\Documents\Fuel_Fighter_Telemetry\Telemetry_PCB\Telemetry_schematic.SchDoc with L_SMD_0805 from FF_component_lib.SchLib
Replace Part P1 XT-60 in C:\Users\Magnus\Documents\Fuel_Fighter_Telemetry\Telemetry_PCB\Telemetry_schematic.SchDoc with XT-60 from FF_component_lib.SchLib
Replace Part P2 RJ11_Connector in C:\Users\Magnus\Documents\Fuel_Fighter_Telemetry\Telemetry_PCB\Telemetry_schematic.SchDoc with RJ11_Connector from FF_component_lib.SchLib
Replace Part P2 XT-60 in C:\Users\Magnus\Documents\Fuel_Fighter_Telemetry\Telemetry_PCB\Telemetry_schematic.SchDoc with XT-60 from FF_component_lib.SchLib
Replace Part P3 RJ11_Connector in C:\Users\Magnus\Documents\Fuel_Fighter_Telemetry\Telemetry_PCB\Telemetry_schematic.SchDoc with RJ11_Connector from FF_component_lib.SchLib
Replace Part P3 XT-60 in C:\Users\Magnus\Documents\Fuel_Fighter_Telemetry\Telemetry_PCB\Telemetry_schematic.SchDoc with XT-60 from FF_component_lib.SchLib
Replace Part P4 PIN_HEADER_M_1x3 in C:\Users\Magnus\Documents\Fuel_Fighter_Telemetry\Telemetry_PCB\Telemetry_schematic.SchDoc with PIN_HEADER_M_1x3 from FF_component_lib.SchLib
Replace Part R1 R_SMD_0805 in C:\Users\Magnus\Documents\Fuel_Fighter_Telemetry\Telemetry_PCB\Telemetry_schematic.SchDoc with R_SMD_0805 from FF_component_lib.SchLib
Replace Part R2 R_SMD_0805 in C:\Users\Magnus\Documents\Fuel_Fighter_Telemetry\Telemetry_PCB\Telemetry_schematic.SchDoc with R_SMD_0805 from FF_component_lib.SchLib
Replace Part R3 R_SMD_0805 in C:\Users\Magnus\Documents\Fuel_Fighter_Telemetry\Telemetry_PCB\Telemetry_schematic.SchDoc with R_SMD_0805 from FF_component_lib.SchLib
Replace Part R4 R_SMD_0805 in C:\Users\Magnus\Documents\Fuel_Fighter_Telemetry\Telemetry_PCB\Telemetry_schematic.SchDoc with R_SMD_0805 from FF_component_lib.SchLib
Replace Part U1 ACS712_SMD in C:\Users\Magnus\Documents\Fuel_Fighter_Telemetry\Telemetry_PCB\Telemetry_schematic.SchDoc with ACS712_SMD from FF_component_lib.SchLib
Replace Part U2 LD1117SC33TR_SOT-223 in C:\Users\Magnus\Documents\Fuel_Fighter_Telemetry\Telemetry_PCB\Telemetry_schematic.SchDoc with LD1117SC33TR_SOT-223 from FF_component_lib.SchLib
Replace Part U3 MCP16311/2_SMD in C:\Users\Magnus\Documents\Fuel_Fighter_Telemetry\Telemetry_PCB\Telemetry_schematic.SchDoc with MCP16311/2_SMD from FF_component_lib.SchLib
Replace Part U4 LAMDA62_SMT in C:\Users\Magnus\Documents\Fuel_Fighter_Telemetry\Telemetry_PCB\Telemetry_schematic.SchDoc with LAMDA62_SMT from FF_component_lib.SchLib
Replace Part U5 teensy_3.6 in C:\Users\Magnus\Documents\Fuel_Fighter_Telemetry\Telemetry_PCB\Telemetry_schematic.SchDoc with teensy_3.6 from FF_component_lib.SchLib
Replace Part U6 SN65HVD231D_SMD in C:\Users\Magnus\Documents\Fuel_Fighter_Telemetry\Telemetry_PCB\Telemetry_schematic.SchDoc with SN65HVD231D_SMD from FF_component_lib.SchLib
