Removed Pin From Net: NetName=+5 Pin=P10-4
Removed Pin From Net: NetName=+5 Pin=P11-4
Removed Pin From Net: NetName=+5 Pin=P12-4
Removed Pin From Net: NetName=+5 Pin=P13-4
Removed Pin From Net: NetName=+5 Pin=P14-4
Added Component: Designator=D1(D_LED_0805)
Add component. Clean all parameters for all variants
Added Component: Designator=R3(R_SMD_0805_pcb)
Add component. Clean all parameters for all variants
Add component (AddParameter): Name = "Supplier 1"; Value = ""; VariantName = "[No Variations]"
Add component (AddParameter): Name = "Supplier Part Number 1"; Value = ""; VariantName = "[No Variations]"
Add component (AddParameter): Name = "Value"; Value = "470"; VariantName = "[No Variations]"
Added Pin To Net: NetName=GND Pin=D1-2
Added Pin To Net: NetName=+5 Pin=R3-2
Change Net Name : Old Net Name=+3V3 New Net Name=3V3
Change Net Name : Old Net Name=+5 New Net Name=5V
Change Net Name : Old Net Name=+5_CAN New Net Name=5V_CAN
Change Net Name : Old Net Name=+24in New Net Name=24V_In
Change Net Name : Old Net Name=+24ut New Net Name=24V_Out
Added Pin To Net: NetName=5 Pin=P10-4
Added Pin To Net: NetName=5 Pin=P11-4
Added Pin To Net: NetName=5 Pin=P12-4
Added Pin To Net: NetName=5 Pin=P13-4
Added Pin To Net: NetName=5 Pin=P14-4
Added Net: Name=5
Added Pin To Net: NetName=NetD1_1 Pin=D1-1
Added Pin To Net: NetName=NetD1_1 Pin=R3-1
Added Net: Name=NetD1_1
Added Member To Class: ClassName=Telemetry_schematic Member=Component D1 LED
Added Member To Class: ClassName=Telemetry_schematic Member=Component R3 SMD
