Added Component: Designator=L1(L_SMD_0805_PCB)
Add component. Clean all parameters for all variants
Add component (AddParameter): Name = "Supplier 1"; Value = ""; VariantName = "[No Variations]"
Add component (AddParameter): Name = "Supplier Part Number 1"; Value = ""; VariantName = "[No Variations]"
Add component (AddParameter): Name = "Value"; Value = "22u"; VariantName = "[No Variations]"
Added Component: Designator=U1(ACS712_SMD)
Add component. Clean all parameters for all variants
Add component (AddParameter): Name = "Supplier 1"; Value = ""; VariantName = "[No Variations]"
Add component (AddParameter): Name = "Supplier Part Number 1"; Value = ""; VariantName = "[No Variations]"
Added Component: Designator=U2(LD1117S33TR)
Add component. Clean all parameters for all variants
Add component (AddParameter): Name = "Supplier 1"; Value = ""; VariantName = "[No Variations]"
Add component (AddParameter): Name = "Supplier Part Number 1"; Value = ""; VariantName = "[No Variations]"
Added Pin To Net: NetName=NetP1_1 Pin=U1-1
Added Pin To Net: NetName=NetP1_1 Pin=U1-2
Added Pin To Net: NetName=NetP2_1 Pin=U1-3
Added Pin To Net: NetName=NetP2_1 Pin=U1-4
Added Pin To Net: NetName=GND Pin=U1-5
Added Pin To Net: NetName=NetC1_18 Pin=U1-6
Added Pin To Net: NetName=NetU1_7 Pin=U1-7
Added Pin To Net: NetName=+5 Pin=U1-8
Added Pin To Net: NetName=+5 Pin=U2-1
Added Pin To Net: NetName=+3V3 Pin=U2-2
Added Pin To Net: NetName=GND Pin=U2-3
Added Member To Class: ClassName=Telemetry_schematic Member=Component L1 SMD
Added Member To Class: ClassName=Telemetry_schematic Member=Component U1 ACS712
Added Member To Class: ClassName=Telemetry_schematic Member=Component U2 LD1117SC33TR
