Removed Pin From Net: NetName=NetC1_1 Pin=C1-1
Removed Pin From Net: NetName=GND Pin=C1-2
Removed Pin From Net: NetName=+5 Pin=C2-1
Removed Pin From Net: NetName=GND Pin=C2-2
Removed Pin From Net: NetName=+24 Pin=C3-1
Removed Pin From Net: NetName=GND Pin=C3-2
Removed Pin From Net: NetName=GND Pin=C4-1
Removed Pin From Net: NetName=+24 Pin=C4-2
Removed Pin From Net: NetName=NetC5_1 Pin=C5-1
Removed Pin From Net: NetName=NetC5_2 Pin=C5-2
Removed Pin From Net: NetName=+5 Pin=C6-1
Removed Pin From Net: NetName=GND Pin=C6-2
Removed Pin From Net: NetName=+5 Pin=C7-1
Removed Pin From Net: NetName=GND Pin=C7-2
Removed Pin From Net: NetName=NetC8_1 Pin=C8-1
Removed Pin From Net: NetName=GND Pin=C8-2
Removed Pin From Net: NetName=+5 Pin=L1-1
Removed Pin From Net: NetName=NetC5_2 Pin=L1-2
Removed Pin From Net: NetName=NetR1_1 Pin=R1-1
Removed Pin From Net: NetName=+5 Pin=R1-2
Removed Pin From Net: NetName=GND Pin=R2-1
Removed Pin From Net: NetName=NetR1_1 Pin=R2-2
Added Component: Designator=U3(MCP16311/2_MSOP)
Add component. Clean all parameters for all variants
Add component (AddParameter): Name = "Supplier 1"; Value = ""; VariantName = "[No Variations]"
Add component (AddParameter): Name = "Supplier Part Number 1"; Value = ""; VariantName = "[No Variations]"
Added Pin To Net: NetName=NetR1_1 Pin=U3-1
Added Pin To Net: NetName=NetC8_1 Pin=U3-2
Added Pin To Net: NetName=+24 Pin=U3-3
Added Pin To Net: NetName=+24 Pin=U3-4
Added Pin To Net: NetName=GND Pin=U3-5
Added Pin To Net: NetName=NetC5_2 Pin=U3-6
Added Pin To Net: NetName=NetC5_1 Pin=U3-7
Added Pin To Net: NetName=GND Pin=U3-8
Change Net Name : Old Net Name=NetC1_1 New Net Name=NetC1_18
Change Net Name : Old Net Name=NetC5_1 New Net Name=NetC5_18
Change Net Name : Old Net Name=NetC5_2 New Net Name=NetC5_19
Change Net Name : Old Net Name=NetC8_1 New Net Name=NetC8_18
Change Net Name : Old Net Name=NetR1_1 New Net Name=NetR1_16
Added Member To Class: ClassName=Telemetry_schematic Member=Component U3 MCP16311
