Added Component: Designator=C1(C_SMD_0805_pcb)
Add component. Clean all parameters for all variants
Add component (AddParameter): Name = "Supplier 1"; Value = ""; VariantName = "[No Variations]"
Add component (AddParameter): Name = "Supplier Part Number 1"; Value = ""; VariantName = "[No Variations]"
Add component (AddParameter): Name = "Value"; Value = "1n"; VariantName = "[No Variations]"
Added Component: Designator=C2(C_SMD_0805_pcb)
Add component. Clean all parameters for all variants
Add component (AddParameter): Name = "Supplier 1"; Value = ""; VariantName = "[No Variations]"
Add component (AddParameter): Name = "Supplier Part Number 1"; Value = ""; VariantName = "[No Variations]"
Add component (AddParameter): Name = "Value"; Value = "100n"; VariantName = "[No Variations]"
Added Component: Designator=C3(C_SMD_0805_pcb)
Add component. Clean all parameters for all variants
Add component (AddParameter): Name = "Supplier 1"; Value = ""; VariantName = "[No Variations]"
Add component (AddParameter): Name = "Supplier Part Number 1"; Value = ""; VariantName = "[No Variations]"
Add component (AddParameter): Name = "Value"; Value = "10u"; VariantName = "[No Variations]"
Added Component: Designator=C4(C_SMD_0805_pcb)
Add component. Clean all parameters for all variants
Add component (AddParameter): Name = "Supplier 1"; Value = ""; VariantName = "[No Variations]"
Add component (AddParameter): Name = "Supplier Part Number 1"; Value = ""; VariantName = "[No Variations]"
Add component (AddParameter): Name = "Value"; Value = "10u"; VariantName = "[No Variations]"
Added Component: Designator=C5(C_SMD_0805_pcb)
Add component. Clean all parameters for all variants
Add component (AddParameter): Name = "Supplier 1"; Value = ""; VariantName = "[No Variations]"
Add component (AddParameter): Name = "Supplier Part Number 1"; Value = ""; VariantName = "[No Variations]"
Add component (AddParameter): Name = "Value"; Value = "100n"; VariantName = "[No Variations]"
Added Component: Designator=C6(C_SMD_0805_pcb)
Add component. Clean all parameters for all variants
Add component (AddParameter): Name = "Supplier 1"; Value = ""; VariantName = "[No Variations]"
Add component (AddParameter): Name = "Supplier Part Number 1"; Value = ""; VariantName = "[No Variations]"
Add component (AddParameter): Name = "Value"; Value = "10u"; VariantName = "[No Variations]"
Added Component: Designator=C7(C_SMD_0805_pcb)
Add component. Clean all parameters for all variants
Add component (AddParameter): Name = "Supplier 1"; Value = ""; VariantName = "[No Variations]"
Add component (AddParameter): Name = "Supplier Part Number 1"; Value = ""; VariantName = "[No Variations]"
Add component (AddParameter): Name = "Value"; Value = "10u"; VariantName = "[No Variations]"
Added Component: Designator=C8(C_SMD_0805_pcb)
Add component. Clean all parameters for all variants
Add component (AddParameter): Name = "Supplier 1"; Value = ""; VariantName = "[No Variations]"
Add component (AddParameter): Name = "Supplier Part Number 1"; Value = ""; VariantName = "[No Variations]"
Add component (AddParameter): Name = "Value"; Value = "1u"; VariantName = "[No Variations]"
Added Component: Designator=R1(R_SMD_0805_pcb)
Add component. Clean all parameters for all variants
Add component (AddParameter): Name = "Supplier 1"; Value = ""; VariantName = "[No Variations]"
Add component (AddParameter): Name = "Supplier Part Number 1"; Value = ""; VariantName = "[No Variations]"
Add component (AddParameter): Name = "Value"; Value = "52.3k"; VariantName = "[No Variations]"
Added Component: Designator=R2(R_SMD_0805_pcb)
Add component. Clean all parameters for all variants
Add component (AddParameter): Name = "Supplier 1"; Value = ""; VariantName = "[No Variations]"
Add component (AddParameter): Name = "Supplier Part Number 1"; Value = ""; VariantName = "[No Variations]"
Add component (AddParameter): Name = "Value"; Value = "10k"; VariantName = "[No Variations]"
Added Component: Designator=teensy_3.6?(teensy_3.6)
Add component. Clean all parameters for all variants
Added Net: Name=+3V3
Added Net: Name=+5
Added Net: Name=+24
Added Net: Name=GND
Added Net: Name=NetC1_18
Added Net: Name=NetC5_18
Added Net: Name=NetC5_19
Added Net: Name=NetC8_18
Added Net: Name=NetP1_1
Added Net: Name=NetP1_2
Added Net: Name=NetP2_1
Added Net: Name=NetR1_16
Added Net: Name=NetU1_7
Added Class: Name=Telemetry_schematic
Added Room: Name=Telemetry_schematic
