Removed Pin From Net: NetName=+3V3 Pin=P5-3
Removed Pin From Net: NetName=+5 Pin=P9-1
Removed Pin From Net: NetName=GND Pin=P9-4
Removed Pin From Net: NetName=+5 Pin=P10-1
Removed Pin From Net: NetName=GND Pin=P10-4
Removed Pin From Net: NetName=+5 Pin=P11-1
Removed Pin From Net: NetName=GND Pin=P11-4
Removed Pin From Net: NetName=NetP9_3 Pin=U5-8
Change Component Footprint: Designator=P9 Old Footprint=PIN_HEADER_M_1x4 New Footprint=PIN_HEADER_M_1x5
Change Component Footprint: Designator=P10 Old Footprint=PIN_HEADER_M_1x4 New Footprint=PIN_HEADER_M_1x5
Change Component Footprint: Designator=P11 Old Footprint=PIN_HEADER_M_1x4 New Footprint=PIN_HEADER_M_1x5
Change Component Comment : Designator=P9 Old Comment=1x4_M New Comment=1x5_M
Change Component Comment : Designator=P10 Old Comment=1x4_M New Comment=1x5_M
Change Component Comment : Designator=P11 Old Comment=1x4_M New Comment=1x5_M
Added Pin To Net: NetName=NetP5_3 Pin=P5-3
Added Pin To Net: NetName=+3V3 Pin=P9-1
Added Pin To Net: NetName=+5 Pin=P9-2
Added Pin To Net: NetName=GND Pin=P9-5
Added Pin To Net: NetName=+3V3 Pin=P10-1
Added Pin To Net: NetName=+5 Pin=P10-2
Added Pin To Net: NetName=GND Pin=P10-5
Added Pin To Net: NetName=+3V3 Pin=P11-1
Added Pin To Net: NetName=+5 Pin=P11-2
Added Pin To Net: NetName=GND Pin=P11-5
Added Pin To Net: NetName=NetP9_3 Pin=U5-7
Added Pin To Net: NetName=NetP9_4 Pin=P9-4
Added Pin To Net: NetName=NetP9_4 Pin=P10-4
Added Pin To Net: NetName=NetP9_4 Pin=P11-4
Added Pin To Net: NetName=NetP9_4 Pin=U5-8
Added Net: Name=NetP9_4
