Removed Pin From Net: NetName=+3V3 Pin=C10-1
Removed Pin From Net: NetName=GND Pin=C10-2
Removed Pin From Net: NetName=GND Pin=P6-1
Removed Pin From Net: NetName=GND Pin=P7-1
Removed Pin From Net: NetName=GND Pin=R3-2
Removed Pin From Net: NetName=NetU5_3 Pin=U6-1
Removed Pin From Net: NetName=+3V3 Pin=U6-3
Removed Pin From Net: NetName=NetU5_4 Pin=U6-4
Removed Pin From Net: NetName=NetP6_2 Pin=U6-6
Removed Pin From Net: NetName=NetP4_1 Pin=U6-7
Removed Member From Class: ClassName=Telemetry_schematic Member=R3
Change Component Footprint: Designator=U6 Old Footprint=SN65HVD231D_SMD New Footprint=ADM3054_SOIC-16
Change Component Comment : Designator=U6 Old Comment=SN65GVD231d New Comment=ADM3054
Change component parameters: Designator = "R5"; Footprint = "R_SMD_0805_pcb"; UniqueID = "\JGNYUPVC"
Change component parameters. Clean all parameters for all variants
Change component parameters (AddParameter): Name = "Supplier 1"; Value = ""; VariantName = "[No Variations]"
Change component parameters (AddParameter): Name = "Supplier Part Number 1"; Value = ""; VariantName = "[No Variations]"
Change component parameters (AddParameter): Name = "Value"; Value = "2.4M"; VariantName = "[No Variations]"
Change component parameters: Designator = "R6"; Footprint = "R_SMD_0805_pcb"; UniqueID = "\AEFCBHFZ"
Change component parameters. Clean all parameters for all variants
Change component parameters (AddParameter): Name = "Supplier 1"; Value = ""; VariantName = "[No Variations]"
Change component parameters (AddParameter): Name = "Supplier Part Number 1"; Value = ""; VariantName = "[No Variations]"
Change component parameters (AddParameter): Name = "Value"; Value = "300K"; VariantName = "[No Variations]"
Added Component: Designator=C11(C_SMD_0805_pcb)
Add component. Clean all parameters for all variants
Add component (AddParameter): Name = "Supplier 1"; Value = ""; VariantName = "[No Variations]"
Add component (AddParameter): Name = "Supplier Part Number 1"; Value = ""; VariantName = "[No Variations]"
Add component (AddParameter): Name = "Value"; Value = "100n"; VariantName = "[No Variations]"
Added Pin To Net: NetName=+5 Pin=C10-2
Added Pin To Net: NetName=+3V3 Pin=C11-1
Added Pin To Net: NetName=GND Pin=C11-2
Added Pin To Net: NetName=+5 Pin=P6-6
Added Pin To Net: NetName=+5 Pin=P7-6
Added Pin To Net: NetName=GND Pin=U6-3
Added Pin To Net: NetName=NetU5_4 Pin=U6-5
Added Pin To Net: NetName=NetU5_3 Pin=U6-6
Added Pin To Net: NetName=+3V3 Pin=U6-7
Added Pin To Net: NetName=GND Pin=U6-8
Added Pin To Net: NetName=NetP6_2 Pin=U6-11
Added Pin To Net: NetName=NetP4_1 Pin=U6-12
Added Pin To Net: NetName=+5 Pin=U6-13
Added Pin To Net: NetName=C_GND Pin=C10-1
Added Pin To Net: NetName=C_GND Pin=P6-1
Added Pin To Net: NetName=C_GND Pin=P7-1
Added Pin To Net: NetName=C_GND Pin=U6-9
Added Pin To Net: NetName=C_GND Pin=U6-16
Added Net: Name=C_GND
Added Pin To Net: NetName=NetU5_16 Pin=U5-16
Added Pin To Net: NetName=NetU5_16 Pin=U6-4
Added Net: Name=NetU5_16
Added Member To Class: ClassName=Telemetry_schematic Member=Component C11 SMD
