Change Physical Footprint: Designator=C1 Old Footprint=C_SMD_0805_pcb New Footprint=C_SMD_0805_pcb
Change Physical Footprint: Designator=C2 Old Footprint=C_SMD_0805_pcb New Footprint=C_SMD_0805_pcb
Change Physical Footprint: Designator=C3 Old Footprint=C_EL_SMT_Ø6.3 New Footprint=C_EL_SMT_Ø6.3
Change Physical Footprint: Designator=C4 Old Footprint=C_EL_SMT_Ø6.3 New Footprint=C_EL_SMT_Ø6.3
Change Physical Footprint: Designator=C5 Old Footprint=C_SMD_0805_pcb New Footprint=C_SMD_0805_pcb
Change Physical Footprint: Designator=C6 Old Footprint=C_SMD_0805_pcb New Footprint=C_SMD_0805_pcb
Change Physical Footprint: Designator=C7 Old Footprint=C_SMD_0805_pcb New Footprint=C_SMD_0805_pcb
Change Physical Footprint: Designator=C8 Old Footprint=C_SMD_0805_pcb New Footprint=C_SMD_0805_pcb
Change Physical Footprint: Designator=C9 Old Footprint=C_SMD_0805_pcb New Footprint=C_SMD_0805_pcb
Change Physical Footprint: Designator=C10 Old Footprint=C_SMD_0805_pcb New Footprint=C_SMD_0805_pcb
Change Physical Footprint: Designator=C11 Old Footprint=C_SMD_0805_pcb New Footprint=C_SMD_0805_pcb
Change Physical Footprint: Designator=C12 Old Footprint=C_SMD_0805_pcb New Footprint=C_SMD_0805_pcb
Change Physical Footprint: Designator=C13 Old Footprint=C_SMD_0805_pcb New Footprint=C_SMD_0805_pcb
Change Physical Footprint: Designator=C14 Old Footprint=C_SMD_0805_pcb New Footprint=C_SMD_0805_pcb
Change Physical Footprint: Designator=C15 Old Footprint=C_SMD_0805_pcb New Footprint=C_SMD_0805_pcb
Change Physical Footprint: Designator=C16 Old Footprint=C_SMD_0805_pcb New Footprint=C_SMD_0805_pcb
Change Physical Footprint: Designator=C17 Old Footprint=C_SMD_0805_pcb New Footprint=C_SMD_0805_pcb
Change Physical Footprint: Designator=C18 Old Footprint=C_SMD_0805_pcb New Footprint=C_SMD_0805_pcb
Change Physical Footprint: Designator=D1 Old Footprint=D_LED_0805 New Footprint=D_LED_0805
Change Physical Footprint: Designator=D2 Old Footprint=D_SC-76 New Footprint=D_SC-76
Change Physical Footprint: Designator=D3 Old Footprint=D_LED_0805 New Footprint=D_LED_0805
Change Physical Footprint: Designator=D4 Old Footprint=D_LED_0805 New Footprint=D_LED_0805
Change Physical Footprint: Designator=D5 Old Footprint=D_LED_0805 New Footprint=D_LED_0805
Change Physical Footprint: Designator=D6 Old Footprint=D_LED_0805 New Footprint=D_LED_0805
Change Physical Footprint: Designator=D7 Old Footprint=D_LED_0805 New Footprint=D_LED_0805
Change Physical Footprint: Designator=L1 Old Footprint=L_DR73_SMD New Footprint=L_DR73_SMD
Change Physical Footprint: Designator=P1 Old Footprint=XT-60 New Footprint=XT-60
Change Physical Footprint: Designator=P2 Old Footprint=XT-60 New Footprint=XT-60
Change Physical Footprint: Designator=P3 Old Footprint=XT-60 New Footprint=XT-60
Change Physical Footprint: Designator=P4 Old Footprint=RJ11_Connector New Footprint=RJ11_Connector
Change Physical Footprint: Designator=P5 Old Footprint=PIN_HEADER_M_1x24 New Footprint=PIN_HEADER_M_1x24
Change Physical Footprint: Designator=P6 Old Footprint=PIN_HEADER_M_1x3 New Footprint=PIN_HEADER_M_1x3
Change Physical Footprint: Designator=P7 Old Footprint=RJ11_Connector New Footprint=RJ11_Connector
Change Physical Footprint: Designator=P8 Old Footprint=XT-60 New Footprint=XT-60
Change Physical Footprint: Designator=P9 Old Footprint=PIN_HEADER_M_1x5 New Footprint=PIN_HEADER_M_1x5
Change Physical Footprint: Designator=P10 Old Footprint=PIN_HEADER_M_1x5 New Footprint=PIN_HEADER_M_1x5
Change Physical Footprint: Designator=P11 Old Footprint=PIN_HEADER_M_1x5 New Footprint=PIN_HEADER_M_1x5
Change Physical Footprint: Designator=P12 Old Footprint=PIN_HEADER_M_1x5 New Footprint=PIN_HEADER_M_1x5
Change Physical Footprint: Designator=P13 Old Footprint=PIN_HEADER_M_1x5 New Footprint=PIN_HEADER_M_1x5
Change Physical Footprint: Designator=P14 Old Footprint=PIN_HEADER_M_1x5 New Footprint=PIN_HEADER_M_1x5
Change Physical Footprint: Designator=P15 Old Footprint=JST_SE_2PIN New Footprint=JST_SE_2PIN
Change Physical Footprint: Designator=P16 Old Footprint=JST_SE_2PIN New Footprint=JST_SE_2PIN
Change Physical Footprint: Designator=R1 Old Footprint=R_SMD_0805_pcb New Footprint=R_SMD_0805_pcb
Change Physical Footprint: Designator=R2 Old Footprint=R_SMD_0805_pcb New Footprint=R_SMD_0805_pcb
Change Physical Footprint: Designator=R3 Old Footprint=R_SMD_0805_pcb New Footprint=R_SMD_0805_pcb
Change Physical Footprint: Designator=R4 Old Footprint=R_SMD_0805_pcb New Footprint=R_SMD_0805_pcb
Change Physical Footprint: Designator=R5 Old Footprint=R_SMD_0805_pcb New Footprint=R_SMD_0805_pcb
Change Physical Footprint: Designator=R6 Old Footprint=R_SMD_0805_pcb New Footprint=R_SMD_0805_pcb
Change Physical Footprint: Designator=R7 Old Footprint=R_SMD_0805_pcb New Footprint=R_SMD_0805_pcb
Change Physical Footprint: Designator=R8 Old Footprint=R_SMD_0805_pcb New Footprint=R_SMD_0805_pcb
Change Physical Footprint: Designator=R9 Old Footprint=R_SMD_0805_pcb New Footprint=R_SMD_0805_pcb
Change Physical Footprint: Designator=R10 Old Footprint=R_SMD_0805_pcb New Footprint=R_SMD_0805_pcb
Change Physical Footprint: Designator=R11 Old Footprint=R_SMD_0805_pcb New Footprint=R_SMD_0805_pcb
Change Physical Footprint: Designator=R12 Old Footprint=R_SMD_0805_pcb New Footprint=R_SMD_0805_pcb
Change Physical Footprint: Designator=R13 Old Footprint=R_SMD_0805_pcb New Footprint=R_SMD_0805_pcb
Change Physical Footprint: Designator=R14 Old Footprint=R_SMD_0805_pcb New Footprint=R_SMD_0805_pcb
Change Physical Footprint: Designator=R15 Old Footprint=R_SMD_0805_pcb New Footprint=R_SMD_0805_pcb
Change Physical Footprint: Designator=R16 Old Footprint=R_SMD_0805_pcb New Footprint=R_SMD_0805_pcb
Change Physical Footprint: Designator=R17 Old Footprint=R_SMD_0805_pcb New Footprint=R_SMD_0805_pcb
Change Physical Footprint: Designator=R18 Old Footprint=R_SMD_0805_pcb New Footprint=R_SMD_0805_pcb
Change Physical Footprint: Designator=R19 Old Footprint=R_SMD_0805_pcb New Footprint=R_SMD_0805_pcb
Change Physical Footprint: Designator=R20 Old Footprint=R_SMD_0805_pcb New Footprint=R_SMD_0805_pcb
Change Physical Footprint: Designator=R21 Old Footprint=R_SMD_0805_pcb New Footprint=R_SMD_0805_pcb
Change Physical Footprint: Designator=R22 Old Footprint=R_SMD_0805_pcb New Footprint=R_SMD_0805_pcb
Change Physical Footprint: Designator=R23 Old Footprint=R_SMD_0805_pcb New Footprint=R_SMD_0805_pcb
Change Physical Footprint: Designator=R25 Old Footprint=R_SMD_0805_pcb New Footprint=R_SMD_0805_pcb
Change Physical Footprint: Designator=R27 Old Footprint=R_SMD_0805_pcb New Footprint=R_SMD_0805_pcb
Change Physical Footprint: Designator=R28 Old Footprint=R_SMD_0805_pcb New Footprint=R_SMD_0805_pcb
Change Physical Footprint: Designator=R29 Old Footprint=R_SMD_0805_pcb New Footprint=R_SMD_0805_pcb
Change Physical Footprint: Designator=R30 Old Footprint=R_SMD_0805_pcb New Footprint=R_SMD_0805_pcb
Change Physical Footprint: Designator=U1 Old Footprint=ACS712_SMD New Footprint=ACS712_SMD
Change Physical Footprint: Designator=U2 Old Footprint=LAMBDA62_SMT New Footprint=LAMBDA62_SMT
Change Physical Footprint: Designator=U3 Old Footprint=MCP16311/2_MSOP New Footprint=MCP16311/2_MSOP
Change Physical Footprint: Designator=U4 Old Footprint=SN65HVD231D_SMD New Footprint=SN65HVD231D_SMD
Change Physical Footprint: Designator=U5 Old Footprint=teensy_3.6 New Footprint=teensy_3.6
Change Physical Footprint: Designator=U6 Old Footprint=SC70-5 New Footprint=SC70-5
Change Physical Footprint: Designator=U7 Old Footprint=SC70-5 New Footprint=SC70-5
