Removed Pin From Net: NetName=+3V3 Pin=P9-1
Removed Pin From Net: NetName=+5 Pin=P9-2
Removed Pin From Net: NetName=NetP5_9 Pin=P9-4
Removed Pin From Net: NetName=GND Pin=P9-5
Removed Pin From Net: NetName=+3V3 Pin=P10-1
Removed Pin From Net: NetName=+5 Pin=P10-2
Removed Pin From Net: NetName=NetP5_9 Pin=P10-4
Removed Pin From Net: NetName=GND Pin=P10-5
Removed Pin From Net: NetName=+3V3 Pin=P11-1
Removed Pin From Net: NetName=+5 Pin=P11-2
Removed Pin From Net: NetName=NetP5_9 Pin=P11-4
Removed Pin From Net: NetName=GND Pin=P11-5
Removed Pin From Net: NetName=+3V3 Pin=P12-1
Removed Pin From Net: NetName=+5 Pin=P12-2
Removed Pin From Net: NetName=NetP5_9 Pin=P12-4
Removed Pin From Net: NetName=GND Pin=P12-5
Removed Pin From Net: NetName=+3V3 Pin=P13-1
Removed Pin From Net: NetName=+5 Pin=P13-2
Removed Pin From Net: NetName=NetP5_9 Pin=P13-4
Removed Pin From Net: NetName=GND Pin=P13-5
Removed Pin From Net: NetName=+3V3 Pin=P14-1
Removed Pin From Net: NetName=+5 Pin=P14-2
Removed Pin From Net: NetName=NetP5_9 Pin=P14-4
Removed Pin From Net: NetName=GND Pin=P14-5
Added Pin To Net: NetName=GND Pin=P9-1
Added Pin To Net: NetName=NetP5_9 Pin=P9-2
Added Pin To Net: NetName=+5 Pin=P9-4
Added Pin To Net: NetName=+3V3 Pin=P9-5
Added Pin To Net: NetName=GND Pin=P10-1
Added Pin To Net: NetName=NetP5_9 Pin=P10-2
Added Pin To Net: NetName=+5 Pin=P10-4
Added Pin To Net: NetName=+3V3 Pin=P10-5
Added Pin To Net: NetName=GND Pin=P11-1
Added Pin To Net: NetName=NetP5_9 Pin=P11-2
Added Pin To Net: NetName=+5 Pin=P11-4
Added Pin To Net: NetName=+3V3 Pin=P11-5
Added Pin To Net: NetName=GND Pin=P12-1
Added Pin To Net: NetName=NetP5_9 Pin=P12-2
Added Pin To Net: NetName=+5 Pin=P12-4
Added Pin To Net: NetName=+3V3 Pin=P12-5
Added Pin To Net: NetName=GND Pin=P13-1
Added Pin To Net: NetName=NetP5_9 Pin=P13-2
Added Pin To Net: NetName=+5 Pin=P13-4
Added Pin To Net: NetName=+3V3 Pin=P13-5
Added Pin To Net: NetName=GND Pin=P14-1
Added Pin To Net: NetName=NetP5_9 Pin=P14-2
Added Pin To Net: NetName=+5 Pin=P14-4
Added Pin To Net: NetName=+3V3 Pin=P14-5
