Added Component: Designator=C10(C_SMD_0805_pcb)
Add component. Clean all parameters for all variants
Add component (AddParameter): Name = "Supplier 1"; Value = ""; VariantName = "[No Variations]"
Add component (AddParameter): Name = "Supplier Part Number 1"; Value = ""; VariantName = "[No Variations]"
Add component (AddParameter): Name = "Value"; Value = "100n"; VariantName = "[No Variations]"
Added Component: Designator=P4(RJ11_Connector)
Add component. Clean all parameters for all variants
Add component (AddParameter): Name = "Supplier 1"; Value = ""; VariantName = "[No Variations]"
Add component (AddParameter): Name = "Supplier Part Number 1"; Value = ""; VariantName = "[No Variations]"
Added Component: Designator=P6(PIN_HEADER_M_1x3)
Add component. Clean all parameters for all variants
Add component (AddParameter): Name = "Supplier 1"; Value = ""; VariantName = "[No Variations]"
Add component (AddParameter): Name = "Supplier Part Number 1"; Value = ""; VariantName = "[No Variations]"
Added Component: Designator=P7(RJ11_Connector)
Add component. Clean all parameters for all variants
Add component (AddParameter): Name = "Supplier 1"; Value = ""; VariantName = "[No Variations]"
Add component (AddParameter): Name = "Supplier Part Number 1"; Value = ""; VariantName = "[No Variations]"
Added Component: Designator=R4(R_SMD_0805_pcb)
Add component. Clean all parameters for all variants
Add component (AddParameter): Name = "Supplier 1"; Value = ""; VariantName = "[No Variations]"
Add component (AddParameter): Name = "Supplier Part Number 1"; Value = ""; VariantName = "[No Variations]"
Add component (AddParameter): Name = "Value"; Value = "120"; VariantName = "[No Variations]"
Added Component: Designator=R16(R_SMD_0805_pcb)
Add component. Clean all parameters for all variants
Add component (AddParameter): Name = "Supplier 1"; Value = ""; VariantName = "[No Variations]"
Add component (AddParameter): Name = "Supplier Part Number 1"; Value = ""; VariantName = "[No Variations]"
Add component (AddParameter): Name = "Value"; Value = "22k"; VariantName = "[No Variations]"
Added Component: Designator=U4(SN65HVD231D_SMD)
Add component. Clean all parameters for all variants
Add component (AddParameter): Name = "Supplier 1"; Value = ""; VariantName = "[No Variations]"
Add component (AddParameter): Name = "Supplier Part Number 1"; Value = ""; VariantName = "[No Variations]"
Added Pin To Net: NetName=3V3 Pin=C10-1
Added Pin To Net: NetName=GND Pin=C10-2
Added Pin To Net: NetName=NetP4_1 Pin=P4-1
Added Pin To Net: NetName=NetP4_2 Pin=P4-2
Added Pin To Net: NetName=NetP4_3 Pin=P4-3
Added Pin To Net: NetName=NetP4_4 Pin=P4-4
Added Pin To Net: NetName=NetP4_5 Pin=P4-5
Added Pin To Net: NetName=5V_CAN Pin=P4-6
Added Pin To Net: NetName=NetP4_3 Pin=P6-1
Added Pin To Net: NetName=NetP6_2 Pin=P6-2
Added Pin To Net: NetName=NetP4_1 Pin=P7-1
Added Pin To Net: NetName=NetP4_2 Pin=P7-2
Added Pin To Net: NetName=NetP4_3 Pin=P7-3
Added Pin To Net: NetName=NetP4_4 Pin=P7-4
Added Pin To Net: NetName=NetP4_5 Pin=P7-5
Added Pin To Net: NetName=5V_CAN Pin=P7-6
Added Pin To Net: NetName=NetP4_2 Pin=R4-1
Added Pin To Net: NetName=NetP6_2 Pin=R4-2
Added Pin To Net: NetName=GND Pin=R16-1
Added Pin To Net: NetName=NetR11_1 Pin=U4-1
Added Pin To Net: NetName=GND Pin=U4-2
Added Pin To Net: NetName=3V3 Pin=U4-3
Added Pin To Net: NetName=NetR10_1 Pin=U4-4
Added Pin To Net: NetName=NetP4_2 Pin=U4-6
Added Pin To Net: NetName=NetP4_3 Pin=U4-7
Added Pin To Net: NetName=NetR16_2 Pin=R16-2
Added Pin To Net: NetName=NetR16_2 Pin=U4-8
Added Net: Name=NetR16_2
Added Member To Class: ClassName=Telemetry_canbus Member=Component C10 SMD
Added Member To Class: ClassName=Telemetry_canbus Member=Component P4 RJ11
Added Member To Class: ClassName=Telemetry_canbus Member=Component P6 CAN_Term
Added Member To Class: ClassName=Telemetry_canbus Member=Component P7 RJ11
Added Member To Class: ClassName=Telemetry_canbus Member=Component R4 SMD
Added Member To Class: ClassName=Telemetry_canbus Member=Component R16 SMD
Added Member To Class: ClassName=Telemetry_canbus Member=Component U4 SN65GVD231d
