Removed Pin From Net: NetName=GND Pin=U5-3.3V1
Removed Pin From Net: NetName=NetP1_4 Pin=U5-23
Change Component Designator: OldDesignator=P2 NewDesignator=P6
Change Component Designator: OldDesignator=P3 NewDesignator=P7
Added Pin To Net: NetName=NetP1_4 Pin=P6-3
Added Pin To Net: NetName=NetP1_4 Pin=P7-3
Change Net Name : Old Net Name=NetP1_4 New Net Name=NetP4_1
Change Net Name : Old Net Name=NetP2_2 New Net Name=NetP6_2
Change Net Name : Old Net Name=NetP2_4 New Net Name=NetP6_4
Change Net Name : Old Net Name=NetP2_5 New Net Name=NetP6_5
Added Pin To Net: NetName=NetP5_4 Pin=U5-23
Added Net: Name=NetP5_4
Added Pin To Net: NetName=NetP5_5 Pin=U5-22
Added Net: Name=NetP5_5
Added Pin To Net: NetName=NetP5_6 Pin=U5-21
Added Net: Name=NetP5_6
Added Pin To Net: NetName=NetP5_7 Pin=U5-20
Added Net: Name=NetP5_7
Added Pin To Net: NetName=NetP5_8 Pin=U5-19
Added Net: Name=NetP5_8
Added Pin To Net: NetName=NetP5_9 Pin=U5-18
Added Net: Name=NetP5_9
Added Pin To Net: NetName=NetP5_10 Pin=U5-17
Added Net: Name=NetP5_10
Added Pin To Net: NetName=NetP5_11 Pin=U5-16
Added Net: Name=NetP5_11
Added Pin To Net: NetName=NetP5_12 Pin=U5-15
Added Net: Name=NetP5_12
Added Pin To Net: NetName=NetP5_14 Pin=U5-13
Added Net: Name=NetP5_14
Added Pin To Net: NetName=NetP5_16 Pin=U5-A22
Added Net: Name=NetP5_16
Added Pin To Net: NetName=NetP5_17 Pin=U5-A21
Added Net: Name=NetP5_17
Added Pin To Net: NetName=NetP5_18 Pin=U5-39
Added Net: Name=NetP5_18
Added Pin To Net: NetName=NetP5_19 Pin=U5-38
Added Net: Name=NetP5_19
Added Pin To Net: NetName=NetP5_20 Pin=U5-37
Added Net: Name=NetP5_20
Added Pin To Net: NetName=NetP5_21 Pin=U5-36
Added Net: Name=NetP5_21
Added Pin To Net: NetName=NetP5_22 Pin=U5-35
Added Net: Name=NetP5_22
Added Pin To Net: NetName=NetP5_23 Pin=U5-34
Added Net: Name=NetP5_23
Added Pin To Net: NetName=NetP5_24 Pin=U5-33
Added Net: Name=NetP5_24
Added Member To Class: ClassName=Telemetry_schematic Member=Component P6 RJ11
Added Member To Class: ClassName=Telemetry_schematic Member=Component P7 RJ11
