Removed Pin From Net: NetName=GND Pin=U4-2
Removed Pin From Net: NetName=+3V3 Pin=U4-3
Removed Pin From Net: NetName=NetU4_12 Pin=U4-12
Removed Pin From Net: NetName=NetU4_13 Pin=U4-13
Removed Pin From Net: NetName=NetU4_14 Pin=U4-14
Removed Pin From Net: NetName=NetU4_15 Pin=U4-15
Removed Pin From Net: NetName=NetU4_16 Pin=U4-16
Removed Member From Class: ClassName=Telemetry_schematic Member=U4
Added Component: Designator=U2(LAMBDA62_SMT)
Add component. Clean all parameters for all variants
Added Pin To Net: NetName=GND Pin=U2-2
Added Pin To Net: NetName=+3V3 Pin=U2-3
Added Pin To Net: NetName=NetU4_12 Pin=U2-12
Added Pin To Net: NetName=NetU4_13 Pin=U2-13
Added Pin To Net: NetName=NetU4_14 Pin=U2-14
Added Pin To Net: NetName=NetU4_15 Pin=U2-15
Added Pin To Net: NetName=NetU4_16 Pin=U2-16
Change Net Name : Old Net Name=NetU4_12 New Net Name=NetU2_12
Change Net Name : Old Net Name=NetU4_13 New Net Name=NetU2_13
Change Net Name : Old Net Name=NetU4_14 New Net Name=NetU2_14
Change Net Name : Old Net Name=NetU4_15 New Net Name=NetU2_15
Change Net Name : Old Net Name=NetU4_16 New Net Name=NetU2_16
Added Pin To Net: NetName=NetU2_6 Pin=U2-6
Added Pin To Net: NetName=NetU2_6 Pin=U5-25
Added Net: Name=NetU2_6
Added Member To Class: ClassName=Telemetry_schematic Member=Component U2 LAMBDA80
